<?xml version="1.0" encoding="UTF-8"?>
<testsuites name="offload" tests="2700" failures="3" errors="0" time="17145.971">
  <testsuite name="pytest" tests="10" failures="0" errors="0" skipped="1" time="67.260" timestamp="2026-04-08T22:36:13.373360" hostname="modal"><testcase name="test_token_classification" classname="tests.integration.examples.test_huggingface" time="0.354"/><testcase name="test_describe_stack_bad_input_fails[abc_def]" classname="tests.integration.functional.cli.test_stack" time="7.680"/><testcase name="test_stack_export_delete_import" classname="tests.integration.functional.cli.test_stack" time="7.290"/><testcase name="test_requires_mac_env_var_warning[14.5--True]" classname="tests.integration.functional.cli.test_utils" time="0.002"/><testcase name="test_text_classification_label_config_generator" classname="tests.integration.integrations.label_studio.label_config_generators.test_label_config_generators" time="1.627"/><testcase name="test_init_creates_zen_folder" classname="tests.integration.functional.cli.test_base" time="0.047"/><testcase name="test_that_if_some_steps_request_new_version_but_cached_new_version_is_still_created" classname="tests.integration.functional.steps.test_model_version" time="45.149"/><testcase name="test_check_remote_url[config9-https://private-gitlab.example.com/example/invalid.git-False]" classname="tests.integration.integrations.gitlab.code_repositories.test_gitlab_code_repository" time="0.002"/><testcase name="test_update_user_with_new_name_succeeds" classname="tests.integration.functional.cli.test_user_management" time="0.477"/><testcase name="test_kubernetes_orchestrator_remote_stack" classname="tests.integration.integrations.kubernetes.orchestrators.test_kubernetes_orchestrator" time="0.090"/></testsuite>
  <testsuite name="pytest" tests="10" failures="0" errors="0" skipped="1" time="71.545" timestamp="2026-04-08T22:36:13.804319" hostname="modal"><testcase name="test_build_cron_job_manifest_defaults_none" classname="tests.integration.integrations.kubernetes.orchestrators.test_manifest_utils" time="0.158"/><testcase name="test_update_stack_adding_component_succeeds" classname="tests.integration.functional.cli.test_stack" time="16.909"/><testcase name="test_update_stack_active_stack_succeeds" classname="tests.integration.functional.cli.test_stack" time="7.630"/><testcase name="test_requires_mac_env_var_warning[10.15--True]" classname="tests.integration.functional.cli.test_utils" time="0.002"/><testcase name="test_heartbeat_null_value_set_default" classname="tests.integration.functional.steps.test_heartbeat" time="0.001"/><testcase name="test_init_creates_from_templates[llm_finetuning]" classname="tests.integration.functional.cli.test_base" time="1.903"/><testcase name="test_that_pipeline_run_is_removed_on_deletion_of_pipeline_run" classname="tests.integration.functional.steps.test_model_version" time="40.671"/><testcase name="test_check_remote_url[config12-https://gitlab-ci-token:test@private-gitlab.example.com/example/test.invalid-False]" classname="tests.integration.integrations.gitlab.code_repositories.test_gitlab_code_repository" time="0.004"/><testcase name="test_update_user_with_new_email" classname="tests.integration.functional.cli.test_user_management" time="0.591"/><testcase name="test_concurrency_policy_validation_accepts_valid_values[Replace-Replace]" classname="tests.integration.integrations.kubernetes.orchestrators.test_kubernetes_orchestrator" time="0.002"/></testsuite>
  <testsuite name="pytest" tests="10" failures="0" errors="0" skipped="1" time="75.013" timestamp="2026-04-08T22:36:13.535726" hostname="modal"><testcase name="test_build_pod_manifest_pod_settings" classname="tests.integration.integrations.kubernetes.orchestrators.test_manifest_utils" time="0.150"/><testcase name="test_remove_component_core_component_fails" classname="tests.integration.functional.cli.test_stack" time="14.603"/><testcase name="test_stack_export_import_reuses_components" classname="tests.integration.functional.cli.test_stack" time="6.965"/><testcase name="test_validate_keys" classname="tests.integration.functional.cli.test_utils" time="0.001"/><testcase name="test_multi_user_pipeline_executions" classname="tests.integration.functional.pipelines.test_multi_user_crud" time="0.001"/><testcase name="test_init_creates_from_templates[e2e_batch]" classname="tests.integration.functional.cli.test_base" time="2.251"/><testcase name="test_templated_names_for_model_version" classname="tests.integration.functional.steps.test_model_version" time="47.025"/><testcase name="test_check_remote_url[config8-https://private-gitlab.example.com/invalid/test.git-False]" classname="tests.integration.integrations.gitlab.code_repositories.test_gitlab_code_repository" time="0.002"/><testcase name="test_update_user_with_new_full_name_succeeds" classname="tests.integration.functional.cli.test_user_management" time="0.633"/><testcase name="test_concurrency_policy_validation_accepts_valid_values[allow-Allow]" classname="tests.integration.integrations.kubernetes.orchestrators.test_kubernetes_orchestrator" time="0.002"/></testsuite>
  <testsuite name="pytest" tests="10" failures="0" errors="0" skipped="1" time="75.756" timestamp="2026-04-08T22:36:13.798949" hostname="modal"><testcase name="test_build_pod_manifest_pod_settings" classname="tests.integration.integrations.kubernetes.orchestrators.test_manifest_utils" time="0.153"/><testcase name="test_remove_component_core_component_fails" classname="tests.integration.functional.cli.test_stack" time="15.688"/><testcase name="test_stack_export_import_reuses_components" classname="tests.integration.functional.cli.test_stack" time="7.572"/><testcase name="test_validate_keys" classname="tests.integration.functional.cli.test_utils" time="0.001"/><testcase name="test_multi_user_pipeline_executions" classname="tests.integration.functional.pipelines.test_multi_user_crud" time="0.001"/><testcase name="test_init_creates_from_templates[e2e_batch]" classname="tests.integration.functional.cli.test_base" time="2.166"/><testcase name="test_templated_names_for_model_version" classname="tests.integration.functional.steps.test_model_version" time="46.235"/><testcase name="test_check_remote_url[config8-https://private-gitlab.example.com/invalid/test.git-False]" classname="tests.integration.integrations.gitlab.code_repositories.test_gitlab_code_repository" time="0.002"/><testcase name="test_update_user_with_new_full_name_succeeds" classname="tests.integration.functional.cli.test_user_management" time="0.515"/><testcase name="test_concurrency_policy_validation_accepts_valid_values[allow-Allow]" classname="tests.integration.integrations.kubernetes.orchestrators.test_kubernetes_orchestrator" time="0.002"/></testsuite>
  <testsuite name="pytest" tests="10" failures="0" errors="0" skipped="2" time="78.210" timestamp="2026-04-08T22:36:14.212867" hostname="modal"><testcase name="test_build_pod_manifest_metadata" classname="tests.integration.integrations.kubernetes.orchestrators.test_manifest_utils" time="0.181"/><testcase name="test_remove_component_non_core_component_succeeds" classname="tests.integration.functional.cli.test_stack" time="17.528"/><testcase name="test_updating_non_active_stack_succeeds" classname="tests.integration.functional.cli.test_stack" time="8.131"/><testcase name="test_file_expansion_works" classname="tests.integration.functional.cli.test_utils" time="0.003"/><testcase name="test_heartbeat_functionality_on_disable" classname="tests.integration.functional.steps.test_heartbeat" time="0.001"/><testcase name="test_example" classname="tests.integration.examples.test_tensorflow" time="0.000"/><testcase name="test_create_new_version_only_in_pipeline" classname="tests.integration.functional.steps.test_model_version" time="48.252"/><testcase name="test_check_remote_url[config10-https://private-gitlab.example.com/example/test.invalid-False]" classname="tests.integration.integrations.gitlab.code_repositories.test_gitlab_code_repository" time="0.002"/><testcase name="test_create_user_that_exists_fails" classname="tests.integration.functional.cli.test_user_management" time="0.452"/><testcase name="test_concurrency_policy_validation_accepts_valid_values[Forbid-Forbid]" classname="tests.integration.integrations.kubernetes.orchestrators.test_kubernetes_orchestrator" time="0.003"/></testsuite>
  <testsuite name="pytest" tests="10" failures="0" errors="0" skipped="0" time="1.561" timestamp="2026-04-08T22:37:38.108725" hostname="modal"><testcase name="test_close_session_called_twice_does_not_raise" classname="tests.integration.integrations.s3.artifact_stores.test_s3_artifact_store" time="0.171"/><testcase name="test_remove_previous_versions_uses_client_kwargs" classname="tests.integration.integrations.s3.artifact_stores.test_s3_artifact_store" time="0.003"/><testcase name="test_explicit_close_then_finalizer_does_not_raise" classname="tests.integration.integrations.s3.artifact_stores.test_s3_artifact_store" time="0.001"/><testcase name="test_s3_artifact_store_attributes" classname="tests.integration.integrations.s3.artifact_stores.test_s3_artifact_store" time="0.003"/><testcase name="test_boto3_resource_receives_client_kwargs" classname="tests.integration.integrations.s3.artifact_stores.test_s3_artifact_store" time="0.002"/><testcase name="test_get_gpu_values[None-None-None]" classname="tests.integration.integrations.modal.step_operators.test_modal_step_operator" time="0.001"/><testcase name="test_get_gpu_values[V100-1-V100:1]" classname="tests.integration.integrations.modal.step_operators.test_modal_step_operator" time="0.001"/><testcase name="test_get_gpu_values[-1-None]" classname="tests.integration.integrations.modal.step_operators.test_modal_step_operator" time="0.001"/><testcase name="test_get_gpu_values[V100-None-V100]" classname="tests.integration.integrations.modal.step_operators.test_modal_step_operator" time="0.001"/><testcase name="test_get_gpu_values[A100-0-A100]" classname="tests.integration.integrations.modal.step_operators.test_modal_step_operator" time="0.001"/></testsuite>
  <testsuite name="pytest" tests="10" failures="0" errors="0" skipped="0" time="1.526" timestamp="2026-04-08T22:37:39.616271" hostname="modal"><testcase name="test_close_session_called_twice_does_not_raise" classname="tests.integration.integrations.s3.artifact_stores.test_s3_artifact_store" time="0.172"/><testcase name="test_remove_previous_versions_uses_client_kwargs" classname="tests.integration.integrations.s3.artifact_stores.test_s3_artifact_store" time="0.003"/><testcase name="test_explicit_close_then_finalizer_does_not_raise" classname="tests.integration.integrations.s3.artifact_stores.test_s3_artifact_store" time="0.001"/><testcase name="test_s3_artifact_store_attributes" classname="tests.integration.integrations.s3.artifact_stores.test_s3_artifact_store" time="0.003"/><testcase name="test_boto3_resource_receives_client_kwargs" classname="tests.integration.integrations.s3.artifact_stores.test_s3_artifact_store" time="0.002"/><testcase name="test_get_gpu_values[None-None-None]" classname="tests.integration.integrations.modal.step_operators.test_modal_step_operator" time="0.001"/><testcase name="test_get_gpu_values[V100-1-V100:1]" classname="tests.integration.integrations.modal.step_operators.test_modal_step_operator" time="0.001"/><testcase name="test_get_gpu_values[-1-None]" classname="tests.integration.integrations.modal.step_operators.test_modal_step_operator" time="0.001"/><testcase name="test_get_gpu_values[V100-None-V100]" classname="tests.integration.integrations.modal.step_operators.test_modal_step_operator" time="0.001"/><testcase name="test_get_gpu_values[A100-0-A100]" classname="tests.integration.integrations.modal.step_operators.test_modal_step_operator" time="0.001"/></testsuite>
  <testsuite name="pytest" tests="10" failures="0" errors="0" skipped="0" time="1.186" timestamp="2026-04-08T22:37:43.134929" hostname="modal"><testcase name="test_get_gpu_values[A100-None-A100]" classname="tests.integration.integrations.modal.step_operators.test_modal_step_operator" time="0.191"/><testcase name="test_get_gpu_values[V100-0-V100]" classname="tests.integration.integrations.modal.step_operators.test_modal_step_operator" time="0.001"/><testcase name="test_get_gpu_values[A100-2-A100:2]" classname="tests.integration.integrations.modal.step_operators.test_modal_step_operator" time="0.001"/><testcase name="test_get_gpu_values[A100-1-A100:1]" classname="tests.integration.integrations.modal.step_operators.test_modal_step_operator" time="0.001"/><testcase name="test_get_gpu_values[V100-2-V100:2]" classname="tests.integration.integrations.modal.step_operators.test_modal_step_operator" time="0.001"/><testcase name="test_get_gpu_values[-None-None]" classname="tests.integration.integrations.modal.step_operators.test_modal_step_operator" time="0.001"/><testcase name="test_get_gpu_values[None-1-None]" classname="tests.integration.integrations.modal.step_operators.test_modal_step_operator" time="0.001"/><testcase name="test_runai_base_url_accepts_valid_urls[https://my-org.run.ai/-https://my-org.run.ai]" classname="tests.integration.integrations.runai.test_runai_step_operator_flavor" time="0.001"/><testcase name="test_runai_base_url_accepts_valid_urls[http://runai.local:8443/control-plane/-http://runai.local:8443/control-plane]" classname="tests.integration.integrations.runai.test_runai_step_operator_flavor" time="0.001"/><testcase name="test_runai_base_url_accepts_valid_urls[https://my-org.run.ai-https://my-org.run.ai]" classname="tests.integration.integrations.runai.test_runai_step_operator_flavor" time="0.001"/></testsuite>
  <testsuite name="pytest" tests="10" failures="0" errors="0" skipped="0" time="1.036" timestamp="2026-04-08T22:37:46.229371" hostname="modal"><testcase name="test_get_gpu_values[A100-None-A100]" classname="tests.integration.integrations.modal.step_operators.test_modal_step_operator" time="0.165"/><testcase name="test_get_gpu_values[V100-0-V100]" classname="tests.integration.integrations.modal.step_operators.test_modal_step_operator" time="0.001"/><testcase name="test_get_gpu_values[A100-2-A100:2]" classname="tests.integration.integrations.modal.step_operators.test_modal_step_operator" time="0.001"/><testcase name="test_get_gpu_values[A100-1-A100:1]" classname="tests.integration.integrations.modal.step_operators.test_modal_step_operator" time="0.001"/><testcase name="test_get_gpu_values[V100-2-V100:2]" classname="tests.integration.integrations.modal.step_operators.test_modal_step_operator" time="0.001"/><testcase name="test_get_gpu_values[-None-None]" classname="tests.integration.integrations.modal.step_operators.test_modal_step_operator" time="0.001"/><testcase name="test_get_gpu_values[None-1-None]" classname="tests.integration.integrations.modal.step_operators.test_modal_step_operator" time="0.001"/><testcase name="test_runai_base_url_accepts_valid_urls[https://my-org.run.ai/-https://my-org.run.ai]" classname="tests.integration.integrations.runai.test_runai_step_operator_flavor" time="0.001"/><testcase name="test_runai_base_url_accepts_valid_urls[http://runai.local:8443/control-plane/-http://runai.local:8443/control-plane]" classname="tests.integration.integrations.runai.test_runai_step_operator_flavor" time="0.001"/><testcase name="test_runai_base_url_accepts_valid_urls[https://my-org.run.ai-https://my-org.run.ai]" classname="tests.integration.integrations.runai.test_runai_step_operator_flavor" time="0.001"/></testsuite>
  <testsuite name="pytest" tests="10" failures="0" errors="0" skipped="1" time="92.720" timestamp="2026-04-08T22:36:15.991022" hostname="modal"><testcase name="test_build_cron_job_manifest_defaults_none" classname="tests.integration.integrations.kubernetes.orchestrators.test_manifest_utils" time="0.176"/><testcase name="test_update_stack_adding_component_succeeds" classname="tests.integration.functional.cli.test_stack" time="15.552"/><testcase name="test_update_stack_active_stack_succeeds" classname="tests.integration.functional.cli.test_stack" time="7.980"/><testcase name="test_requires_mac_env_var_warning[10.15--True]" classname="tests.integration.functional.cli.test_utils" time="0.003"/><testcase name="test_heartbeat_null_value_set_default" classname="tests.integration.functional.steps.test_heartbeat" time="0.002"/><testcase name="test_init_creates_from_templates[llm_finetuning]" classname="tests.integration.functional.cli.test_base" time="3.004"/><testcase name="test_that_pipeline_run_is_removed_on_deletion_of_pipeline_run" classname="tests.integration.functional.steps.test_model_version" time="60.447"/><testcase name="test_check_remote_url[config12-https://gitlab-ci-token:test@private-gitlab.example.com/example/test.invalid-False]" classname="tests.integration.integrations.gitlab.code_repositories.test_gitlab_code_repository" time="0.003"/><testcase name="test_update_user_with_new_email" classname="tests.integration.functional.cli.test_user_management" time="0.538"/><testcase name="test_concurrency_policy_validation_accepts_valid_values[Replace-Replace]" classname="tests.integration.integrations.kubernetes.orchestrators.test_kubernetes_orchestrator" time="0.003"/></testsuite>
  <testsuite name="pytest" tests="10" failures="0" errors="0" skipped="0" time="91.279" timestamp="2026-04-08T22:36:18.711158" hostname="modal"><testcase name="test_class_importing_by_path" classname="tests.integration.integrations.airflow.orchestrators.test_dag_generator" time="0.166"/><testcase name="test_rename_stack_nonexistent_stack_fails" classname="tests.integration.functional.cli.test_stack" time="17.138"/><testcase name="test_remove_component_from_nonexistent_stack_fails" classname="tests.integration.functional.cli.test_stack" time="8.175"/><testcase name="test_requires_mac_env_var_warning[10.14--True]" classname="tests.integration.functional.cli.test_utils" time="0.002"/><testcase name="test_object_detection_label_config_generator" classname="tests.integration.integrations.label_studio.label_config_generators.test_label_config_generators" time="2.326"/><testcase name="test_init_creates_from_templates[nlp]" classname="tests.integration.functional.cli.test_base" time="3.367"/><testcase name="test_model_passed_to_step_context_via_step" classname="tests.integration.functional.steps.test_model_version" time="55.983"/><testcase name="test_pipeline_context_available_as_config_yaml" classname="tests.integration.functional.pipelines.test_pipeline_context" time="0.006"/><testcase name="test_resource_appliciation" classname="tests.integration.integrations.airflow.orchestrators.test_airflow_orchestrator" time="0.003"/><testcase name="test_version_outputs_running_version_number" classname="tests.integration.functional.cli.test_version" time="0.008"/></testsuite>
  <testsuite name="pytest" tests="10" failures="0" errors="0" skipped="1" time="94.687" timestamp="2026-04-08T22:36:17.450523" hostname="modal"><testcase name="test_sequence_classification" classname="tests.integration.examples.test_huggingface" time="0.427"/><testcase name="test_rename_stack_active_stack_succeeds" classname="tests.integration.functional.cli.test_stack" time="15.213"/><testcase name="test_update_stack_adding_to_default_stack_fails" classname="tests.integration.functional.cli.test_stack" time="6.922"/><testcase name="test_requires_mac_env_var_warning[13.3.5--True]" classname="tests.integration.functional.cli.test_utils" time="0.002"/><testcase name="test_ocr_label_config_generator" classname="tests.integration.integrations.label_studio.label_config_generators.test_label_config_generators" time="1.624"/><testcase name="test_init_creates_from_templates[starter]" classname="tests.integration.functional.cli.test_base" time="2.165"/><testcase name="test_model_version_creation" classname="tests.integration.functional.steps.test_model_version" time="62.439"/><testcase name="test_check_remote_url[config1-git@gitlab.com:/example/test.git-True]" classname="tests.integration.integrations.gitlab.code_repositories.test_gitlab_code_repository" time="0.002"/><testcase name="test_airflow_orchestrator_attributes" classname="tests.integration.integrations.airflow.orchestrators.test_airflow_orchestrator" time="0.001"/><testcase name="test_kubernetes_orchestrator_uses_service_account_from_settings" classname="tests.integration.integrations.kubernetes.orchestrators.test_kubernetes_orchestrator" time="0.004"/></testsuite>
  <testsuite name="pytest" tests="10" failures="0" errors="0" skipped="0" time="97.817" timestamp="2026-04-08T22:36:16.264079" hostname="modal"><testcase name="test_class_importing_by_path" classname="tests.integration.integrations.airflow.orchestrators.test_dag_generator" time="0.186"/><testcase name="test_rename_stack_nonexistent_stack_fails" classname="tests.integration.functional.cli.test_stack" time="15.231"/><testcase name="test_remove_component_from_nonexistent_stack_fails" classname="tests.integration.functional.cli.test_stack" time="7.630"/><testcase name="test_requires_mac_env_var_warning[10.14--True]" classname="tests.integration.functional.cli.test_utils" time="0.027"/><testcase name="test_object_detection_label_config_generator" classname="tests.integration.integrations.label_studio.label_config_generators.test_label_config_generators" time="2.557"/><testcase name="test_init_creates_from_templates[nlp]" classname="tests.integration.functional.cli.test_base" time="3.393"/><testcase name="test_model_passed_to_step_context_via_step" classname="tests.integration.functional.steps.test_model_version" time="63.710"/><testcase name="test_pipeline_context_available_as_config_yaml" classname="tests.integration.functional.pipelines.test_pipeline_context" time="0.053"/><testcase name="test_resource_appliciation" classname="tests.integration.integrations.airflow.orchestrators.test_airflow_orchestrator" time="0.042"/><testcase name="test_version_outputs_running_version_number" classname="tests.integration.functional.cli.test_version" time="0.029"/></testsuite>
  <testsuite name="pytest" tests="10" failures="0" errors="0" skipped="0" time="102.690" timestamp="2026-04-08T22:36:13.889393" hostname="modal"><testcase name="test_update_model" classname="tests.integration.functional.cli.test_model_registry" time="8.279"/><testcase name="test_delete_stack_with_flag_succeeds" classname="tests.integration.functional.cli.test_stack" time="6.988"/><testcase name="test_requires_mac_env_var_warning[10.12--False]" classname="tests.integration.functional.cli.test_utils" time="0.002"/><testcase name="test_requires_mac_env_var_warning[10.12-1-False]" classname="tests.integration.functional.cli.test_utils" time="0.001"/><testcase name="test_resolve_pipeline_run_prefers_explicit_run_id" classname="tests.integration.integrations.skypilot.test_skypilot_orchestrator_entrypoint" time="0.017"/><testcase name="test_that_artifact_is_removed_on_deletion" classname="tests.integration.functional.steps.test_model_version" time="38.329"/><testcase name="test_pipeline_use_same_model_version_even_if_it_was_promoted_during_run" classname="tests.integration.functional.steps.test_model_version" time="21.926"/><testcase name="test_check_remote_url[config6-https://private-gitlab.example.com/example/test.git-True]" classname="tests.integration.integrations.gitlab.code_repositories.test_gitlab_code_repository" time="0.002"/><testcase name="test_vertex_orchestrator_stack_validation" classname="tests.integration.integrations.gcp.orchestrators.test_vertex_orchestrator" time="23.621"/><testcase name="test_concurrency_policy_validation_rejects_invalid_values[never]" classname="tests.integration.integrations.kubernetes.orchestrators.test_kubernetes_orchestrator" time="0.003"/></testsuite>
  <testsuite name="pytest" tests="10" failures="0" errors="0" skipped="1" time="102.733" timestamp="2026-04-08T22:36:17.013825" hostname="modal"><testcase name="test_token_classification" classname="tests.integration.examples.test_huggingface" time="0.489"/><testcase name="test_describe_stack_bad_input_fails[abc_def]" classname="tests.integration.functional.cli.test_stack" time="9.564"/><testcase name="test_stack_export_delete_import" classname="tests.integration.functional.cli.test_stack" time="9.019"/><testcase name="test_requires_mac_env_var_warning[14.5--True]" classname="tests.integration.functional.cli.test_utils" time="0.003"/><testcase name="test_text_classification_label_config_generator" classname="tests.integration.integrations.label_studio.label_config_generators.test_label_config_generators" time="2.157"/><testcase name="test_init_creates_zen_folder" classname="tests.integration.functional.cli.test_base" time="0.055"/><testcase name="test_that_if_some_steps_request_new_version_but_cached_new_version_is_still_created" classname="tests.integration.functional.steps.test_model_version" time="73.639"/><testcase name="test_check_remote_url[config9-https://private-gitlab.example.com/example/invalid.git-False]" classname="tests.integration.integrations.gitlab.code_repositories.test_gitlab_code_repository" time="0.003"/><testcase name="test_update_user_with_new_name_succeeds" classname="tests.integration.functional.cli.test_user_management" time="0.628"/><testcase name="test_kubernetes_orchestrator_remote_stack" classname="tests.integration.integrations.kubernetes.orchestrators.test_kubernetes_orchestrator" time="0.262"/></testsuite>
  <testsuite name="pytest" tests="10" failures="0" errors="0" skipped="0" time="105.522" timestamp="2026-04-08T22:36:13.691423" hostname="modal"><testcase name="test_update_model" classname="tests.integration.functional.cli.test_model_registry" time="6.840"/><testcase name="test_delete_stack_with_flag_succeeds" classname="tests.integration.functional.cli.test_stack" time="5.973"/><testcase name="test_requires_mac_env_var_warning[10.12--False]" classname="tests.integration.functional.cli.test_utils" time="0.002"/><testcase name="test_requires_mac_env_var_warning[10.12-1-False]" classname="tests.integration.functional.cli.test_utils" time="0.001"/><testcase name="test_resolve_pipeline_run_prefers_explicit_run_id" classname="tests.integration.integrations.skypilot.test_skypilot_orchestrator_entrypoint" time="0.021"/><testcase name="test_that_artifact_is_removed_on_deletion" classname="tests.integration.functional.steps.test_model_version" time="45.436"/><testcase name="test_pipeline_use_same_model_version_even_if_it_was_promoted_during_run" classname="tests.integration.functional.steps.test_model_version" time="16.994"/><testcase name="test_check_remote_url[config6-https://private-gitlab.example.com/example/test.git-True]" classname="tests.integration.integrations.gitlab.code_repositories.test_gitlab_code_repository" time="0.002"/><testcase name="test_vertex_orchestrator_stack_validation" classname="tests.integration.integrations.gcp.orchestrators.test_vertex_orchestrator" time="27.185"/><testcase name="test_concurrency_policy_validation_rejects_invalid_values[never]" classname="tests.integration.integrations.kubernetes.orchestrators.test_kubernetes_orchestrator" time="0.003"/></testsuite>
  <testsuite name="pytest" tests="10" failures="0" errors="0" skipped="2" time="4.738" timestamp="2026-04-08T22:38:00.538470" hostname="modal"><testcase name="test_update_scope_succeeds" classname="tests.integration.functional.zen_stores.test_secrets_store" time="1.154"/><testcase name="test_public_secret_is_visible_to_other_users" classname="tests.integration.functional.zen_stores.test_secrets_store" time="0.001"/><testcase name="test_update_scope_fails_if_name_already_in_scope" classname="tests.integration.functional.zen_stores.test_secrets_store" time="0.147"/><testcase name="test_update_secret_name_sets_updated_date" classname="tests.integration.functional.zen_stores.test_secrets_store" time="1.087"/><testcase name="test_reusing_private_secret_name_succeeds" classname="tests.integration.functional.zen_stores.test_secrets_store" time="0.001"/><testcase name="test_update_secret_add_new_values" classname="tests.integration.functional.zen_stores.test_secrets_store" time="0.063"/><testcase name="test_secret_empty_values" classname="tests.integration.functional.zen_stores.test_secrets_store" time="0.067"/><testcase name="test_update_secret_existing_values" classname="tests.integration.functional.zen_stores.test_secrets_store" time="0.058"/><testcase name="test_update_secret_name" classname="tests.integration.functional.zen_stores.test_secrets_store" time="0.078"/><testcase name="test_update_secret_name_fails_if_exists" classname="tests.integration.functional.zen_stores.test_secrets_store" time="0.115"/></testsuite>
  <testsuite name="pytest" tests="10" failures="0" errors="0" skipped="2" time="4.424" timestamp="2026-04-08T22:38:02.596318" hostname="modal"><testcase name="test_update_scope_succeeds" classname="tests.integration.functional.zen_stores.test_secrets_store" time="0.995"/><testcase name="test_public_secret_is_visible_to_other_users" classname="tests.integration.functional.zen_stores.test_secrets_store" time="0.001"/><testcase name="test_update_scope_fails_if_name_already_in_scope" classname="tests.integration.functional.zen_stores.test_secrets_store" time="0.132"/><testcase name="test_update_secret_name_sets_updated_date" classname="tests.integration.functional.zen_stores.test_secrets_store" time="1.071"/><testcase name="test_reusing_private_secret_name_succeeds" classname="tests.integration.functional.zen_stores.test_secrets_store" time="0.001"/><testcase name="test_update_secret_add_new_values" classname="tests.integration.functional.zen_stores.test_secrets_store" time="0.060"/><testcase name="test_secret_empty_values" classname="tests.integration.functional.zen_stores.test_secrets_store" time="0.060"/><testcase name="test_update_secret_existing_values" classname="tests.integration.functional.zen_stores.test_secrets_store" time="0.059"/><testcase name="test_update_secret_name" classname="tests.integration.functional.zen_stores.test_secrets_store" time="0.081"/><testcase name="test_update_secret_name_fails_if_exists" classname="tests.integration.functional.zen_stores.test_secrets_store" time="0.114"/></testsuite>
  <testsuite name="pytest" tests="10" failures="0" errors="0" skipped="2" time="115.827" timestamp="2026-04-08T22:36:13.500729" hostname="modal"><testcase name="test_build_cron_job_manifest_with_cronjob_spec_fields" classname="tests.integration.integrations.kubernetes.orchestrators.test_manifest_utils" time="0.152"/><testcase name="test_stack_export" classname="tests.integration.functional.cli.test_stack" time="19.057"/><testcase name="test_huggingface_tf_pretrained_model_materializer" classname="tests.integration.integrations.huggingface.materializers.test_huggingface_tf_model_materializer" time="0.000"/><testcase name="test_requires_mac_env_var_warning[10.14-1-False]" classname="tests.integration.functional.cli.test_utils" time="0.002"/><testcase name="test_disabled_heartbeat_functionality" classname="tests.integration.functional.steps.test_heartbeat" time="0.001"/><testcase name="test_model_version_fetching_by_stage" classname="tests.integration.functional.steps.test_model_version" time="52.952"/><testcase name="test_recovery_of_steps[custom_running_name]" classname="tests.integration.functional.steps.test_model_version" time="31.286"/><testcase name="test_check_remote_url[config11-https://gitlab-ci-token:test@private-gitlab.example.com/example/test.git-True]" classname="tests.integration.integrations.gitlab.code_repositories.test_gitlab_code_repository" time="0.002"/><testcase name="test_delete_user_succeeds" classname="tests.integration.functional.cli.test_user_management" time="0.528"/><testcase name="test_concurrency_policy_validation_accepts_valid_values[REPLACE-Replace]" classname="tests.integration.integrations.kubernetes.orchestrators.test_kubernetes_orchestrator" time="0.002"/></testsuite>
  <testsuite name="pytest" tests="10" failures="0" errors="0" skipped="0" time="115.306" timestamp="2026-04-08T22:36:14.152297" hostname="modal"><testcase name="test_crud_cycle" classname="tests.integration.functional.zen_server.api.test_schedules" time="51.373"/><testcase name="test_update_stack_update_on_default_fails" classname="tests.integration.functional.cli.test_stack" time="12.065"/><testcase name="test_delete_stack_recursively_with_flag_succeeds" classname="tests.integration.functional.cli.test_stack" time="12.476"/><testcase name="test_requires_mac_env_var_warning[10.13--True]" classname="tests.integration.functional.cli.test_utils" time="0.003"/><testcase name="test_config_generator_raises_with_empty_list" classname="tests.integration.integrations.label_studio.label_config_generators.test_label_config_generators" time="0.003"/><testcase name="test_clean_user_config" classname="tests.integration.functional.cli.test_base" time="10.712"/><testcase name="test_pipeline_context_pass_artifact_from_model_and_link_run" classname="tests.integration.functional.steps.test_model_version" time="24.728"/><testcase name="test_check_remote_url[config7-https://private-gitlab.example.invalid/example/test.git-False]" classname="tests.integration.integrations.gitlab.code_repositories.test_gitlab_code_repository" time="0.003"/><testcase name="test_create_user_with_password_succeeds" classname="tests.integration.functional.cli.test_user_management" time="0.348"/><testcase name="test_kubernetes_orchestrator_local_stack" classname="tests.integration.integrations.kubernetes.orchestrators.test_kubernetes_orchestrator" time="0.008"/></testsuite>
  <testsuite name="pytest" tests="10" failures="0" errors="0" skipped="1" time="114.026" timestamp="2026-04-08T22:36:15.409931" hostname="modal"><testcase name="test_sequence_classification" classname="tests.integration.examples.test_huggingface" time="0.462"/><testcase name="test_rename_stack_active_stack_succeeds" classname="tests.integration.functional.cli.test_stack" time="19.660"/><testcase name="test_update_stack_adding_to_default_stack_fails" classname="tests.integration.functional.cli.test_stack" time="9.945"/><testcase name="test_requires_mac_env_var_warning[13.3.5--True]" classname="tests.integration.functional.cli.test_utils" time="0.002"/><testcase name="test_ocr_label_config_generator" classname="tests.integration.integrations.label_studio.label_config_generators.test_label_config_generators" time="2.094"/><testcase name="test_init_creates_from_templates[starter]" classname="tests.integration.functional.cli.test_base" time="3.194"/><testcase name="test_model_version_creation" classname="tests.integration.functional.steps.test_model_version" time="72.855"/><testcase name="test_check_remote_url[config1-git@gitlab.com:/example/test.git-True]" classname="tests.integration.integrations.gitlab.code_repositories.test_gitlab_code_repository" time="0.004"/><testcase name="test_airflow_orchestrator_attributes" classname="tests.integration.integrations.airflow.orchestrators.test_airflow_orchestrator" time="0.003"/><testcase name="test_kubernetes_orchestrator_uses_service_account_from_settings" classname="tests.integration.integrations.kubernetes.orchestrators.test_kubernetes_orchestrator" time="0.006"/></testsuite>
  <testsuite name="pytest" tests="10" failures="0" errors="0" skipped="0" time="116.483" timestamp="2026-04-08T22:36:13.803274" hostname="modal"><testcase name="test_lightgbm_booster_materializer" classname="tests.integration.integrations.lightgbm.materializers.test_lightgbm_booster_materializer" time="8.726"/><testcase name="test_rename_stack_non_active_stack_succeeds" classname="tests.integration.functional.cli.test_stack" time="7.658"/><testcase name="test_update_stack_nonexistent_stack_fails" classname="tests.integration.functional.cli.test_stack" time="7.757"/><testcase name="test_requires_mac_env_var_warning[11.0--True]" classname="tests.integration.functional.cli.test_utils" time="0.002"/><testcase name="test_requires_mac_env_var_warning[10.13-1-False]" classname="tests.integration.functional.cli.test_utils" time="0.001"/><testcase name="test_generate_cluster_name_is_deterministic_and_bounded" classname="tests.integration.integrations.skypilot.test_skypilot_orchestrator_entrypoint" time="0.018"/><testcase name="test_create_new_versions_both_pipeline_and_step" classname="tests.integration.functional.steps.test_model_version" time="43.714"/><testcase name="test_that_argument_as_get_artifact_of_model_in_pipeline_context_fails_if_not_found" classname="tests.integration.functional.pipelines.test_pipeline_context" time="18.267"/><testcase name="test_check_remote_url[config3-ssh://git@gitlab.com:/example/test.git-True]" classname="tests.integration.integrations.gitlab.code_repositories.test_gitlab_code_repository" time="0.002"/><testcase name="test_vertex_orchestrator_configure_container_resources[resource_settings1-orchestrator_resource_settings1-expected_resources1]" classname="tests.integration.integrations.gcp.orchestrators.test_vertex_orchestrator" time="23.717"/></testsuite>
  <testsuite name="pytest" tests="10" failures="0" errors="0" skipped="0" time="1.126" timestamp="2026-04-08T22:38:13.533338" hostname="modal"><testcase name="test_render_template_non_strict_undefined_renders_blank_for_missing_variable" classname="tests.integration.integrations.kubernetes.test_k8s_template_engine" time="0.221"/><testcase name="test_load_yaml_documents_empty_returns_empty_list" classname="tests.integration.integrations.kubernetes.test_k8s_template_engine" time="0.001"/><testcase name="test_render_template_does_not_autoescape_strings" classname="tests.integration.integrations.kubernetes.test_k8s_template_engine" time="0.004"/><testcase name="test_render_template_with_templating" classname="tests.integration.integrations.kubernetes.test_k8s_template_engine" time="0.004"/><testcase name="test_load_yaml_documents_single_resource" classname="tests.integration.integrations.kubernetes.test_k8s_template_engine" time="0.001"/><testcase name="test_render_template_invalid_yaml_after_rendering_raises" classname="tests.integration.integrations.kubernetes.test_k8s_template_engine" time="0.004"/><testcase name="test_render_template_strict_undefined_raises_for_missing_variable" classname="tests.integration.integrations.kubernetes.test_k8s_template_engine" time="0.005"/><testcase name="test_render_template_round_trips_to_yaml_and_back" classname="tests.integration.integrations.kubernetes.test_k8s_template_engine" time="0.005"/><testcase name="test_load_yaml_documents_list_with_non_dict_item_raises" classname="tests.integration.integrations.kubernetes.test_k8s_template_engine" time="0.001"/><testcase name="test_load_yaml_documents_non_dict_or_list_doc_raises" classname="tests.integration.integrations.kubernetes.test_k8s_template_engine" time="0.002"/></testsuite>
  <testsuite name="pytest" tests="10" failures="0" errors="0" skipped="0" time="0.896" timestamp="2026-04-08T22:38:13.970084" hostname="modal"><testcase name="test_render_template_non_strict_undefined_renders_blank_for_missing_variable" classname="tests.integration.integrations.kubernetes.test_k8s_template_engine" time="0.170"/><testcase name="test_load_yaml_documents_empty_returns_empty_list" classname="tests.integration.integrations.kubernetes.test_k8s_template_engine" time="0.001"/><testcase name="test_render_template_does_not_autoescape_strings" classname="tests.integration.integrations.kubernetes.test_k8s_template_engine" time="0.003"/><testcase name="test_render_template_with_templating" classname="tests.integration.integrations.kubernetes.test_k8s_template_engine" time="0.003"/><testcase name="test_load_yaml_documents_single_resource" classname="tests.integration.integrations.kubernetes.test_k8s_template_engine" time="0.001"/><testcase name="test_render_template_invalid_yaml_after_rendering_raises" classname="tests.integration.integrations.kubernetes.test_k8s_template_engine" time="0.002"/><testcase name="test_render_template_strict_undefined_raises_for_missing_variable" classname="tests.integration.integrations.kubernetes.test_k8s_template_engine" time="0.003"/><testcase name="test_render_template_round_trips_to_yaml_and_back" classname="tests.integration.integrations.kubernetes.test_k8s_template_engine" time="0.003"/><testcase name="test_load_yaml_documents_list_with_non_dict_item_raises" classname="tests.integration.integrations.kubernetes.test_k8s_template_engine" time="0.001"/><testcase name="test_load_yaml_documents_non_dict_or_list_doc_raises" classname="tests.integration.integrations.kubernetes.test_k8s_template_engine" time="0.001"/></testsuite>
  <testsuite name="pytest" tests="10" failures="0" errors="0" skipped="1" time="10.535" timestamp="2026-04-08T22:38:06.664587" hostname="modal"><testcase name="test_list_secrets_filter" classname="tests.integration.functional.zen_stores.test_secrets_store" time="1.045"/><testcase name="test_update_private_secret_name_succeeds_if_public_secret_exists" classname="tests.integration.functional.zen_stores.test_secrets_store" time="0.151"/><testcase name="test_update_public_secret_name_succeeds_if_private_secret_exists" classname="tests.integration.functional.zen_stores.test_secrets_store" time="0.148"/><testcase name="test_update_secret_remove_values" classname="tests.integration.functional.zen_stores.test_secrets_store" time="0.059"/><testcase name="test_list_secret_excludes_values" classname="tests.integration.functional.zen_stores.test_secrets_store" time="0.041"/><testcase name="test_delete_user_with_secrets" classname="tests.integration.functional.zen_stores.test_secrets_store" time="0.001"/><testcase name="test_cli_does_not_set_custom_source_root_if_inside_repository" classname="tests.integration.functional.cli.test_cli" time="0.215"/><testcase name="test_cli_command_defines_a_cli_group" classname="tests.integration.functional.cli.test_cli" time="0.001"/><testcase name="test_cli_sets_custom_source_root_if_outside_of_repository" classname="tests.integration.functional.cli.test_cli" time="6.733"/><testcase name="test_ZenMLCLI_formatter" classname="tests.integration.functional.cli.test_cli" time="0.002"/></testsuite>
  <testsuite name="pytest" tests="10" failures="0" errors="0" skipped="1" time="13.339" timestamp="2026-04-08T22:38:05.844292" hostname="modal"><testcase name="test_list_secrets_filter" classname="tests.integration.functional.zen_stores.test_secrets_store" time="1.421"/><testcase name="test_update_private_secret_name_succeeds_if_public_secret_exists" classname="tests.integration.functional.zen_stores.test_secrets_store" time="0.179"/><testcase name="test_update_public_secret_name_succeeds_if_private_secret_exists" classname="tests.integration.functional.zen_stores.test_secrets_store" time="0.181"/><testcase name="test_update_secret_remove_values" classname="tests.integration.functional.zen_stores.test_secrets_store" time="0.074"/><testcase name="test_list_secret_excludes_values" classname="tests.integration.functional.zen_stores.test_secrets_store" time="0.051"/><testcase name="test_delete_user_with_secrets" classname="tests.integration.functional.zen_stores.test_secrets_store" time="0.001"/><testcase name="test_cli_does_not_set_custom_source_root_if_inside_repository" classname="tests.integration.functional.cli.test_cli" time="0.264"/><testcase name="test_cli_command_defines_a_cli_group" classname="tests.integration.functional.cli.test_cli" time="0.001"/><testcase name="test_cli_sets_custom_source_root_if_outside_of_repository" classname="tests.integration.functional.cli.test_cli" time="8.190"/><testcase name="test_ZenMLCLI_formatter" classname="tests.integration.functional.cli.test_cli" time="0.002"/></testsuite>
  <testsuite name="pytest" tests="10" failures="0" errors="0" skipped="2" time="125.953" timestamp="2026-04-08T22:36:14.209927" hostname="modal"><testcase name="test_list_model_versions" classname="tests.integration.functional.cli.test_model_registry" time="8.312"/><testcase name="test_describe_stack_bad_input_fails[stack123]" classname="tests.integration.functional.cli.test_stack" time="0.042"/><testcase name="test_parallel_runs_get_different_run_indexes" classname="tests.integration.functional.pipelines.test_pipeline_parallel" time="50.542"/><testcase name="test_error_raises_exception" classname="tests.integration.functional.cli.test_utils" time="0.002"/><testcase name="test_heartbeat_rest_functionality" classname="tests.integration.functional.steps.test_heartbeat" time="0.002"/><testcase name="test_model_passed_to_step_context_via_step_and_pipeline" classname="tests.integration.functional.steps.test_model_version" time="32.553"/><testcase name="test_recovery_of_steps[default_running_name]" classname="tests.integration.functional.steps.test_model_version" time="31.025"/><testcase name="test_check_remote_url[config2-ssh://git@gitlab.com:example/test.git-False]" classname="tests.integration.integrations.gitlab.code_repositories.test_gitlab_code_repository" time="0.002"/><testcase name="test_deepchecks_data_validator_attributes" classname="tests.integration.integrations.deepchecks.data_validators.test_deepchecks_data_validator" time="0.000"/><testcase name="test_concurrency_policy_validation_rejects_invalid_values[Invalid]" classname="tests.integration.integrations.kubernetes.orchestrators.test_kubernetes_orchestrator" time="0.002"/></testsuite>
  <testsuite name="pytest" tests="10" failures="0" errors="0" skipped="2" time="121.497" timestamp="2026-04-08T22:36:20.287007" hostname="modal"><testcase name="test_build_pod_manifest_metadata" classname="tests.integration.integrations.kubernetes.orchestrators.test_manifest_utils" time="0.230"/><testcase name="test_remove_component_non_core_component_succeeds" classname="tests.integration.functional.cli.test_stack" time="24.410"/><testcase name="test_updating_non_active_stack_succeeds" classname="tests.integration.functional.cli.test_stack" time="11.153"/><testcase name="test_file_expansion_works" classname="tests.integration.functional.cli.test_utils" time="0.004"/><testcase name="test_heartbeat_functionality_on_disable" classname="tests.integration.functional.steps.test_heartbeat" time="0.002"/><testcase name="test_example" classname="tests.integration.examples.test_tensorflow" time="0.001"/><testcase name="test_create_new_version_only_in_pipeline" classname="tests.integration.functional.steps.test_model_version" time="79.632"/><testcase name="test_check_remote_url[config10-https://private-gitlab.example.com/example/test.invalid-False]" classname="tests.integration.integrations.gitlab.code_repositories.test_gitlab_code_repository" time="0.004"/><testcase name="test_create_user_that_exists_fails" classname="tests.integration.functional.cli.test_user_management" time="0.550"/><testcase name="test_concurrency_policy_validation_accepts_valid_values[Forbid-Forbid]" classname="tests.integration.integrations.kubernetes.orchestrators.test_kubernetes_orchestrator" time="0.003"/></testsuite>
  <testsuite name="pytest" tests="10" failures="0" errors="0" skipped="2" time="128.888" timestamp="2026-04-08T22:36:13.863893" hostname="modal"><testcase name="test_build_cron_job_manifest_with_cronjob_spec_fields" classname="tests.integration.integrations.kubernetes.orchestrators.test_manifest_utils" time="0.141"/><testcase name="test_stack_export" classname="tests.integration.functional.cli.test_stack" time="19.903"/><testcase name="test_huggingface_tf_pretrained_model_materializer" classname="tests.integration.integrations.huggingface.materializers.test_huggingface_tf_model_materializer" time="0.000"/><testcase name="test_requires_mac_env_var_warning[10.14-1-False]" classname="tests.integration.functional.cli.test_utils" time="0.018"/><testcase name="test_disabled_heartbeat_functionality" classname="tests.integration.functional.steps.test_heartbeat" time="0.019"/><testcase name="test_model_version_fetching_by_stage" classname="tests.integration.functional.steps.test_model_version" time="61.803"/><testcase name="test_recovery_of_steps[custom_running_name]" classname="tests.integration.functional.steps.test_model_version" time="33.985"/><testcase name="test_check_remote_url[config11-https://gitlab-ci-token:test@private-gitlab.example.com/example/test.git-True]" classname="tests.integration.integrations.gitlab.code_repositories.test_gitlab_code_repository" time="0.002"/><testcase name="test_delete_user_succeeds" classname="tests.integration.functional.cli.test_user_management" time="0.689"/><testcase name="test_concurrency_policy_validation_accepts_valid_values[REPLACE-Replace]" classname="tests.integration.integrations.kubernetes.orchestrators.test_kubernetes_orchestrator" time="0.002"/></testsuite>
  <testsuite name="pytest" tests="10" failures="0" errors="0" skipped="0" time="141.282" timestamp="2026-04-08T22:36:15.875311" hostname="modal"><testcase name="test_get_model" classname="tests.integration.functional.cli.test_model_registry" time="9.132"/><testcase name="test_rename_stack_default_stack_fails" classname="tests.integration.functional.cli.test_stack" time="7.258"/><testcase name="test_parsing_name_and_arguments" classname="tests.integration.functional.cli.test_utils" time="0.010"/><testcase name="test_requires_mac_env_var_warning[10.15-1-False]" classname="tests.integration.functional.cli.test_utils" time="0.002"/><testcase name="test_resolve_pipeline_run_fallback_raises_for_empty_results" classname="tests.integration.integrations.skypilot.test_skypilot_orchestrator_entrypoint" time="0.026"/><testcase name="test_model_passed_to_step_context_via_pipeline" classname="tests.integration.functional.steps.test_model_version" time="58.020"/><testcase name="test_that_argument_can_be_a_get_artifact_of_model_in_pipeline_context" classname="tests.integration.functional.pipelines.test_pipeline_context" time="23.156"/><testcase name="test_check_remote_url[config4-ssh://git@gitlab.com:22/example/test.git-True]" classname="tests.integration.integrations.gitlab.code_repositories.test_gitlab_code_repository" time="0.003"/><testcase name="test_vertex_orchestrator_configure_container_resources[resource_settings2-orchestrator_resource_settings2-expected_resources2]" classname="tests.integration.integrations.gcp.orchestrators.test_vertex_orchestrator" time="39.013"/><testcase name="test_concurrency_policy_validation_rejects_invalid_values[always]" classname="tests.integration.integrations.kubernetes.orchestrators.test_kubernetes_orchestrator" time="0.005"/></testsuite>
  <testsuite name="pytest" tests="10" failures="0" errors="0" skipped="0" time="144.935" timestamp="2026-04-08T22:36:15.411864" hostname="modal"><testcase name="test_crud_cycle" classname="tests.integration.functional.zen_server.api.test_schedules" time="63.361"/><testcase name="test_update_stack_update_on_default_fails" classname="tests.integration.functional.cli.test_stack" time="15.497"/><testcase name="test_delete_stack_recursively_with_flag_succeeds" classname="tests.integration.functional.cli.test_stack" time="16.039"/><testcase name="test_requires_mac_env_var_warning[10.13--True]" classname="tests.integration.functional.cli.test_utils" time="0.059"/><testcase name="test_config_generator_raises_with_empty_list" classname="tests.integration.integrations.label_studio.label_config_generators.test_label_config_generators" time="0.021"/><testcase name="test_clean_user_config" classname="tests.integration.functional.cli.test_base" time="13.632"/><testcase name="test_pipeline_context_pass_artifact_from_model_and_link_run" classname="tests.integration.functional.steps.test_model_version" time="30.944"/><testcase name="test_check_remote_url[config7-https://private-gitlab.example.invalid/example/test.git-False]" classname="tests.integration.integrations.gitlab.code_repositories.test_gitlab_code_repository" time="0.003"/><testcase name="test_create_user_with_password_succeeds" classname="tests.integration.functional.cli.test_user_management" time="0.395"/><testcase name="test_kubernetes_orchestrator_local_stack" classname="tests.integration.integrations.kubernetes.orchestrators.test_kubernetes_orchestrator" time="0.009"/></testsuite>
  <testsuite name="pytest" tests="10" failures="0" errors="0" skipped="0" time="21.576" timestamp="2026-04-08T22:38:21.554976" hostname="modal"><testcase name="test_accelerate_runner_fails_on_functional_use" classname="tests.integration.integrations.huggingface.steps.test_accelerate_runner" time="10.093"/><testcase name="test_update_secret_works" classname="tests.integration.functional.cli.test_secret" time="1.047"/><testcase name="test_rename_secret_works" classname="tests.integration.functional.cli.test_secret" time="0.340"/><testcase name="test_export_import_secret" classname="tests.integration.functional.cli.test_secret" time="0.363"/><testcase name="test_create_private_secret" classname="tests.integration.functional.cli.test_secret" time="0.161"/><testcase name="test_create_secret_with_values" classname="tests.integration.functional.cli.test_secret" time="0.162"/><testcase name="test_get_secret_with_prefix_works" classname="tests.integration.functional.cli.test_secret" time="0.184"/><testcase name="test_list_secret_works" classname="tests.integration.functional.cli.test_secret" time="0.188"/><testcase name="test_create_secret" classname="tests.integration.functional.cli.test_secret" time="0.169"/><testcase name="test_get_private_secret" classname="tests.integration.functional.cli.test_secret" time="0.338"/></testsuite>
  <testsuite name="pytest" tests="10" failures="0" errors="0" skipped="0" time="24.521" timestamp="2026-04-08T22:38:21.855975" hostname="modal"><testcase name="test_accelerate_runner_fails_on_functional_use" classname="tests.integration.integrations.huggingface.steps.test_accelerate_runner" time="11.836"/><testcase name="test_update_secret_works" classname="tests.integration.functional.cli.test_secret" time="1.068"/><testcase name="test_rename_secret_works" classname="tests.integration.functional.cli.test_secret" time="0.317"/><testcase name="test_export_import_secret" classname="tests.integration.functional.cli.test_secret" time="0.356"/><testcase name="test_create_private_secret" classname="tests.integration.functional.cli.test_secret" time="0.161"/><testcase name="test_create_secret_with_values" classname="tests.integration.functional.cli.test_secret" time="0.163"/><testcase name="test_get_secret_with_prefix_works" classname="tests.integration.functional.cli.test_secret" time="0.181"/><testcase name="test_list_secret_works" classname="tests.integration.functional.cli.test_secret" time="0.176"/><testcase name="test_create_secret" classname="tests.integration.functional.cli.test_secret" time="0.159"/><testcase name="test_get_private_secret" classname="tests.integration.functional.cli.test_secret" time="0.291"/></testsuite>
  <testsuite name="pytest" tests="10" failures="0" errors="0" skipped="0" time="147.713" timestamp="2026-04-08T22:36:17.157279" hostname="modal"><testcase name="test_get_model" classname="tests.integration.functional.cli.test_model_registry" time="10.447"/><testcase name="test_rename_stack_default_stack_fails" classname="tests.integration.functional.cli.test_stack" time="8.612"/><testcase name="test_parsing_name_and_arguments" classname="tests.integration.functional.cli.test_utils" time="0.002"/><testcase name="test_requires_mac_env_var_warning[10.15-1-False]" classname="tests.integration.functional.cli.test_utils" time="0.002"/><testcase name="test_resolve_pipeline_run_fallback_raises_for_empty_results" classname="tests.integration.integrations.skypilot.test_skypilot_orchestrator_entrypoint" time="0.022"/><testcase name="test_model_passed_to_step_context_via_pipeline" classname="tests.integration.functional.steps.test_model_version" time="59.294"/><testcase name="test_that_argument_can_be_a_get_artifact_of_model_in_pipeline_context" classname="tests.integration.functional.pipelines.test_pipeline_context" time="24.721"/><testcase name="test_check_remote_url[config4-ssh://git@gitlab.com:22/example/test.git-True]" classname="tests.integration.integrations.gitlab.code_repositories.test_gitlab_code_repository" time="0.003"/><testcase name="test_vertex_orchestrator_configure_container_resources[resource_settings2-orchestrator_resource_settings2-expected_resources2]" classname="tests.integration.integrations.gcp.orchestrators.test_vertex_orchestrator" time="40.366"/><testcase name="test_concurrency_policy_validation_rejects_invalid_values[always]" classname="tests.integration.integrations.kubernetes.orchestrators.test_kubernetes_orchestrator" time="0.004"/></testsuite>
  <testsuite name="pytest" tests="10" failures="0" errors="0" skipped="0" time="152.744" timestamp="2026-04-08T22:36:15.808185" hostname="modal"><testcase name="test_list_models" classname="tests.integration.functional.cli.test_model_registry" time="11.081"/><testcase name="test_rename_stack_new_name_with_existing_name_fails" classname="tests.integration.functional.cli.test_stack" time="9.157"/><testcase name="test_requires_mac_env_var_warning_non_mac[linux]" classname="tests.integration.functional.cli.test_utils" time="0.002"/><testcase name="test_converting_structured_str_to_dict" classname="tests.integration.functional.cli.test_utils" time="0.002"/><testcase name="test_resolve_pipeline_run_fallback_uses_latest_initializing_run" classname="tests.integration.integrations.skypilot.test_skypilot_orchestrator_entrypoint" time="0.025"/><testcase name="test_that_pipeline_run_is_removed_on_deletion_of_pipeline" classname="tests.integration.functional.steps.test_model_version" time="64.675"/><testcase name="test_pipeline_context_can_load_model_artifacts_and_metadata_in_lazy_mode" classname="tests.integration.functional.pipelines.test_pipeline_context" time="22.442"/><testcase name="test_check_remote_url[config5-ssh://git@private-gitlab.example.com:2222/example/test.git-True]" classname="tests.integration.integrations.gitlab.code_repositories.test_gitlab_code_repository" time="0.004"/><testcase name="test_vertex_orchestrator_configure_container_resources[resource_settings0-orchestrator_resource_settings0-expected_resources0]" classname="tests.integration.integrations.gcp.orchestrators.test_vertex_orchestrator" time="40.174"/><testcase name="test_concurrency_policy_validation_accepts_valid_values[None-None]" classname="tests.integration.integrations.kubernetes.orchestrators.test_kubernetes_orchestrator" time="0.024"/></testsuite>
  <testsuite name="pytest" tests="10" failures="0" errors="0" skipped="1" time="71.392" timestamp="2026-04-08T22:37:51.560725" hostname="modal"><testcase name="test_example" classname="tests.integration.examples.test_slack" time="1.861"/><testcase name="test_langchain_vectorstore_materializer" classname="tests.integration.integrations.langchain.materializers.test_vector_store_materializer" time="9.717"/><testcase name="test_pipeline_run_linkage" classname="tests.integration.functional.models.test_pipeline" time="52.826"/><testcase name="test_stack_validation" classname="tests.integration.integrations.gcp.image_builders.test_gcp_image_builder" time="2.490"/><testcase name="test_tag_create_full_names" classname="tests.integration.functional.cli.test_tag" time="0.264"/><testcase name="test_tag_create_only_required" classname="tests.integration.functional.cli.test_tag" time="0.218"/><testcase name="test_tag_update" classname="tests.integration.functional.cli.test_tag" time="0.549"/><testcase name="test_tag_create_without_required_fails" classname="tests.integration.functional.cli.test_tag" time="0.038"/><testcase name="test_tag_list" classname="tests.integration.functional.cli.test_tag" time="0.843"/><testcase name="test_tag_delete_found" classname="tests.integration.functional.cli.test_tag" time="0.295"/></testsuite>
  <testsuite name="pytest" tests="10" failures="0" errors="0" skipped="0" time="168.265" timestamp="2026-04-08T22:36:15.076518" hostname="modal"><testcase name="test_lightgbm_booster_materializer" classname="tests.integration.integrations.lightgbm.materializers.test_lightgbm_booster_materializer" time="12.476"/><testcase name="test_rename_stack_non_active_stack_succeeds" classname="tests.integration.functional.cli.test_stack" time="10.963"/><testcase name="test_update_stack_nonexistent_stack_fails" classname="tests.integration.functional.cli.test_stack" time="10.983"/><testcase name="test_requires_mac_env_var_warning[11.0--True]" classname="tests.integration.functional.cli.test_utils" time="0.023"/><testcase name="test_requires_mac_env_var_warning[10.13-1-False]" classname="tests.integration.functional.cli.test_utils" time="0.002"/><testcase name="test_generate_cluster_name_is_deterministic_and_bounded" classname="tests.integration.integrations.skypilot.test_skypilot_orchestrator_entrypoint" time="0.027"/><testcase name="test_create_new_versions_both_pipeline_and_step" classname="tests.integration.functional.steps.test_model_version" time="66.868"/><testcase name="test_that_argument_as_get_artifact_of_model_in_pipeline_context_fails_if_not_found" classname="tests.integration.functional.pipelines.test_pipeline_context" time="21.630"/><testcase name="test_check_remote_url[config3-ssh://git@gitlab.com:/example/test.git-True]" classname="tests.integration.integrations.gitlab.code_repositories.test_gitlab_code_repository" time="0.003"/><testcase name="test_vertex_orchestrator_configure_container_resources[resource_settings1-orchestrator_resource_settings1-expected_resources1]" classname="tests.integration.integrations.gcp.orchestrators.test_vertex_orchestrator" time="37.749"/></testsuite>
  <testsuite name="pytest" tests="10" failures="0" errors="0" skipped="1" time="71.216" timestamp="2026-04-08T22:37:53.947604" hostname="modal"><testcase name="test_tag_delete_not_found" classname="tests.integration.functional.cli.test_tag" time="0.788"/><testcase name="test_tag_create_short_names" classname="tests.integration.functional.cli.test_tag" time="0.078"/><testcase name="test_log_metadata_using_specific_params" classname="tests.integration.functional.steps.test_utils" time="32.174"/><testcase name="test_log_metadata_within_step" classname="tests.integration.functional.steps.test_utils" time="14.729"/><testcase name="test_log_metadata_using_latest_run" classname="tests.integration.functional.steps.test_utils" time="16.803"/><testcase name="test_private_secret_is_not_visible_to_other_users" classname="tests.integration.functional.zen_stores.test_secrets_store" time="0.001"/><testcase name="test_get_secret_returns_values" classname="tests.integration.functional.zen_stores.test_secrets_store" time="0.133"/><testcase name="test_update_secret_remove_nonexisting_values" classname="tests.integration.functional.zen_stores.test_secrets_store" time="0.186"/><testcase name="test_update_secret_values_sets_updated_date" classname="tests.integration.functional.zen_stores.test_secrets_store" time="1.224"/><testcase name="test_list_secrets_pagination_and_sorting" classname="tests.integration.functional.zen_stores.test_secrets_store" time="2.917"/></testsuite>
  <testsuite name="pytest" tests="10" failures="0" errors="0" skipped="0" time="172.409" timestamp="2026-04-08T22:36:13.809879" hostname="modal"><testcase name="test_dag_generator_constants" classname="tests.integration.integrations.airflow.orchestrators.test_dag_generator" time="0.164"/><testcase name="test_delete_stack_default_stack_fails" classname="tests.integration.functional.cli.test_stack" time="14.320"/><testcase name="test_describe_stack_contains_local_stack" classname="tests.integration.functional.cli.test_stack" time="0.027"/><testcase name="test_requires_mac_env_var_warning_non_mac[win32]" classname="tests.integration.functional.cli.test_utils" time="0.001"/><testcase name="test_image_classification_label_config_generator" classname="tests.integration.integrations.label_studio.label_config_generators.test_label_config_generators" time="1.885"/><testcase name="test_resolve_pipeline_run_raises_for_missing_explicit_run_id" classname="tests.integration.integrations.skypilot.test_skypilot_orchestrator_entrypoint" time="0.019"/><testcase name="test_that_consumption_also_registers_run_in_model" classname="tests.integration.functional.steps.test_model_version" time="48.246"/><testcase name="test_pipeline_context" classname="tests.integration.functional.pipelines.test_pipeline_context" time="4.367"/><testcase name="test_server_cli_up_down" classname="tests.integration.functional.cli.test_server" time="46.767"/><testcase name="test_example" classname="tests.integration.examples.test_scipy" time="52.091"/></testsuite>
  <testsuite name="pytest" tests="10" failures="0" errors="0" skipped="0" time="168.826" timestamp="2026-04-08T22:36:15.840674" hostname="modal"><testcase name="test_list_models" classname="tests.integration.functional.cli.test_model_registry" time="10.385"/><testcase name="test_rename_stack_new_name_with_existing_name_fails" classname="tests.integration.functional.cli.test_stack" time="8.537"/><testcase name="test_requires_mac_env_var_warning_non_mac[linux]" classname="tests.integration.functional.cli.test_utils" time="0.002"/><testcase name="test_converting_structured_str_to_dict" classname="tests.integration.functional.cli.test_utils" time="0.002"/><testcase name="test_resolve_pipeline_run_fallback_uses_latest_initializing_run" classname="tests.integration.integrations.skypilot.test_skypilot_orchestrator_entrypoint" time="0.024"/><testcase name="test_that_pipeline_run_is_removed_on_deletion_of_pipeline" classname="tests.integration.functional.steps.test_model_version" time="66.641"/><testcase name="test_pipeline_context_can_load_model_artifacts_and_metadata_in_lazy_mode" classname="tests.integration.functional.pipelines.test_pipeline_context" time="30.811"/><testcase name="test_check_remote_url[config5-ssh://git@private-gitlab.example.com:2222/example/test.git-True]" classname="tests.integration.integrations.gitlab.code_repositories.test_gitlab_code_repository" time="0.022"/><testcase name="test_vertex_orchestrator_configure_container_resources[resource_settings0-orchestrator_resource_settings0-expected_resources0]" classname="tests.integration.integrations.gcp.orchestrators.test_vertex_orchestrator" time="47.867"/><testcase name="test_concurrency_policy_validation_accepts_valid_values[None-None]" classname="tests.integration.integrations.kubernetes.orchestrators.test_kubernetes_orchestrator" time="0.005"/></testsuite>
  <testsuite name="pytest" tests="10" failures="0" errors="0" skipped="2" time="176.379" timestamp="2026-04-08T22:36:15.270684" hostname="modal"><testcase name="test_list_model_versions" classname="tests.integration.functional.cli.test_model_registry" time="10.995"/><testcase name="test_describe_stack_bad_input_fails[stack123]" classname="tests.integration.functional.cli.test_stack" time="0.056"/><testcase name="test_parallel_runs_get_different_run_indexes" classname="tests.integration.functional.pipelines.test_pipeline_parallel" time="78.249"/><testcase name="test_error_raises_exception" classname="tests.integration.functional.cli.test_utils" time="0.002"/><testcase name="test_heartbeat_rest_functionality" classname="tests.integration.functional.steps.test_heartbeat" time="0.002"/><testcase name="test_model_passed_to_step_context_via_step_and_pipeline" classname="tests.integration.functional.steps.test_model_version" time="45.788"/><testcase name="test_recovery_of_steps[default_running_name]" classname="tests.integration.functional.steps.test_model_version" time="37.033"/><testcase name="test_check_remote_url[config2-ssh://git@gitlab.com:example/test.git-False]" classname="tests.integration.integrations.gitlab.code_repositories.test_gitlab_code_repository" time="0.003"/><testcase name="test_deepchecks_data_validator_attributes" classname="tests.integration.integrations.deepchecks.data_validators.test_deepchecks_data_validator" time="0.001"/><testcase name="test_concurrency_policy_validation_rejects_invalid_values[Invalid]" classname="tests.integration.integrations.kubernetes.orchestrators.test_kubernetes_orchestrator" time="0.003"/></testsuite>
  <testsuite name="pytest" tests="10" failures="0" errors="0" skipped="1" time="84.764" timestamp="2026-04-08T22:37:47.910899" hostname="modal"><testcase name="test_example" classname="tests.integration.examples.test_slack" time="1.890"/><testcase name="test_langchain_vectorstore_materializer" classname="tests.integration.integrations.langchain.materializers.test_vector_store_materializer" time="8.635"/><testcase name="test_pipeline_run_linkage" classname="tests.integration.functional.models.test_pipeline" time="67.090"/><testcase name="test_stack_validation" classname="tests.integration.integrations.gcp.image_builders.test_gcp_image_builder" time="1.933"/><testcase name="test_tag_create_full_names" classname="tests.integration.functional.cli.test_tag" time="0.283"/><testcase name="test_tag_create_only_required" classname="tests.integration.functional.cli.test_tag" time="0.314"/><testcase name="test_tag_update" classname="tests.integration.functional.cli.test_tag" time="0.547"/><testcase name="test_tag_create_without_required_fails" classname="tests.integration.functional.cli.test_tag" time="0.033"/><testcase name="test_tag_list" classname="tests.integration.functional.cli.test_tag" time="1.485"/><testcase name="test_tag_delete_found" classname="tests.integration.functional.cli.test_tag" time="0.558"/></testsuite>
  <testsuite name="pytest" tests="10" failures="0" errors="0" skipped="0" time="2.980" timestamp="2026-04-08T22:39:15.591194" hostname="modal"><testcase name="test_stack_validation" classname="tests.integration.integrations.kaniko.image_builders.test_kaniko_image_builder" time="0.543"/><testcase name="test_mlflow_experiment_tracker_authentication" classname="tests.integration.integrations.mlflow.experiment_trackers.test_mlflow_experiment_tracker" time="0.002"/><testcase name="test_mlflow_experiment_tracker_handles_missing_run" classname="tests.integration.integrations.mlflow.experiment_trackers.test_mlflow_experiment_tracker" time="0.003"/><testcase name="test_mlflow_experiment_tracker_set_config" classname="tests.integration.integrations.mlflow.experiment_trackers.test_mlflow_experiment_tracker" time="0.002"/><testcase name="test_mlflow_experiment_tracker_attributes" classname="tests.integration.integrations.mlflow.experiment_trackers.test_mlflow_experiment_tracker" time="0.001"/><testcase name="test_mlflow_experiment_tracker_stack_validation" classname="tests.integration.integrations.mlflow.experiment_trackers.test_mlflow_experiment_tracker" time="0.004"/><testcase name="test_split_s3_path_on_good_paths[s3://bucket/path-expected0]" classname="tests.integration.integrations.s3.test_utils" time="0.001"/><testcase name="test_split_s3_path_on_good_paths[s3://bucket3/path/path2/random.file-expected2]" classname="tests.integration.integrations.s3.test_utils" time="0.001"/><testcase name="test_split_s3_path_on_good_paths[s3://bucket2/path/path2-expected1]" classname="tests.integration.integrations.s3.test_utils" time="0.001"/><testcase name="test_split_s3_path_on_good_paths[s3://bucket/-expected3]" classname="tests.integration.integrations.s3.test_utils" time="0.001"/></testsuite>
  <testsuite name="pytest" tests="10" failures="0" errors="0" skipped="0" time="4.464" timestamp="2026-04-08T22:39:17.424525" hostname="modal"><testcase name="test_stack_validation" classname="tests.integration.integrations.kaniko.image_builders.test_kaniko_image_builder" time="0.848"/><testcase name="test_mlflow_experiment_tracker_authentication" classname="tests.integration.integrations.mlflow.experiment_trackers.test_mlflow_experiment_tracker" time="0.003"/><testcase name="test_mlflow_experiment_tracker_handles_missing_run" classname="tests.integration.integrations.mlflow.experiment_trackers.test_mlflow_experiment_tracker" time="0.004"/><testcase name="test_mlflow_experiment_tracker_set_config" classname="tests.integration.integrations.mlflow.experiment_trackers.test_mlflow_experiment_tracker" time="0.002"/><testcase name="test_mlflow_experiment_tracker_attributes" classname="tests.integration.integrations.mlflow.experiment_trackers.test_mlflow_experiment_tracker" time="0.001"/><testcase name="test_mlflow_experiment_tracker_stack_validation" classname="tests.integration.integrations.mlflow.experiment_trackers.test_mlflow_experiment_tracker" time="0.005"/><testcase name="test_split_s3_path_on_good_paths[s3://bucket/path-expected0]" classname="tests.integration.integrations.s3.test_utils" time="0.002"/><testcase name="test_split_s3_path_on_good_paths[s3://bucket3/path/path2/random.file-expected2]" classname="tests.integration.integrations.s3.test_utils" time="0.001"/><testcase name="test_split_s3_path_on_good_paths[s3://bucket2/path/path2-expected1]" classname="tests.integration.integrations.s3.test_utils" time="0.001"/><testcase name="test_split_s3_path_on_good_paths[s3://bucket/-expected3]" classname="tests.integration.integrations.s3.test_utils" time="0.002"/></testsuite>
  <testsuite name="pytest" tests="10" failures="0" errors="0" skipped="0" time="113.733" timestamp="2026-04-08T22:37:30.110672" hostname="modal"><testcase name="test_concurrency_policy_validation_accepts_valid_values[Allow-Allow]" classname="tests.integration.integrations.kubernetes.orchestrators.test_kubernetes_orchestrator" time="0.139"/><testcase name="test_concurrency_policy_validation_accepts_valid_values[forbid-Forbid]" classname="tests.integration.integrations.kubernetes.orchestrators.test_kubernetes_orchestrator" time="0.001"/><testcase name="test_external_artifact_by_id" classname="tests.integration.functional.steps.test_external_artifact" time="34.848"/><testcase name="test_external_artifact_by_value" classname="tests.integration.functional.steps.test_external_artifact" time="15.092"/><testcase name="test_cascade_tags_for_output_artifacts_of_cached_pipeline_run" classname="tests.integration.functional.utils.test_tag_utils" time="25.205"/><testcase name="test_tag_utils" classname="tests.integration.functional.utils.test_tag_utils" time="26.180"/><testcase name="test_tags_with_special_characters" classname="tests.integration.functional.utils.test_tag_utils" time="9.711"/><testcase name="test_must_be_s3_path" classname="tests.integration.integrations.s3.artifact_stores.test_s3_artifact_store" time="0.005"/><testcase name="test_client_kwargs_region_overrides_credentials_region" classname="tests.integration.integrations.s3.artifact_stores.test_s3_artifact_store" time="0.003"/><testcase name="test_safe_aexit_propagates_unrelated_assertion_errors" classname="tests.integration.integrations.s3.artifact_stores.test_s3_artifact_store" time="0.003"/></testsuite>
  <testsuite name="pytest" tests="10" failures="0" errors="0" skipped="0" time="4.860" timestamp="2026-04-08T22:39:25.325031" hostname="modal"><testcase name="test_metadata_full_cycle_with_cascade_deletion[pipeline_run]" classname="tests.integration.functional.zen_stores.test_zen_store.TestRunMetadata" time="1.450"/><testcase name="test_metadata_full_cycle_with_cascade_deletion[step_run]" classname="tests.integration.functional.zen_stores.test_zen_store.TestRunMetadata" time="0.215"/><testcase name="test_metadata_full_cycle_with_cascade_deletion[wait_condition]" classname="tests.integration.functional.zen_stores.test_zen_store.TestRunMetadata" time="0.152"/><testcase name="test_metadata_full_cycle_with_cascade_deletion[artifact_version]" classname="tests.integration.functional.zen_stores.test_zen_store.TestRunMetadata" time="0.146"/><testcase name="test_create_pass" classname="tests.integration.functional.zen_stores.test_zen_store.TestModelVersion" time="0.195"/><testcase name="test_list_empty" classname="tests.integration.functional.zen_stores.test_zen_store.TestModelVersion" time="0.125"/><testcase name="test_model_ok_stage" classname="tests.integration.functional.zen_stores.test_zen_store.TestModelVersion" time="0.001"/><testcase name="test_list_not_empty" classname="tests.integration.functional.zen_stores.test_zen_store.TestModelVersion" time="0.184"/><testcase name="test_update_public_interface_bad_stage" classname="tests.integration.functional.zen_stores.test_zen_store.TestModelVersion" time="0.140"/><testcase name="test_get_not_found" classname="tests.integration.functional.zen_stores.test_zen_store.TestModelVersion" time="0.130"/></testsuite>
  <testsuite name="pytest" tests="10" failures="0" errors="0" skipped="1" time="88.112" timestamp="2026-04-08T22:37:59.749010" hostname="modal"><testcase name="test_tag_delete_not_found" classname="tests.integration.functional.cli.test_tag" time="1.021"/><testcase name="test_tag_create_short_names" classname="tests.integration.functional.cli.test_tag" time="0.110"/><testcase name="test_log_metadata_using_specific_params" classname="tests.integration.functional.steps.test_utils" time="45.394"/><testcase name="test_log_metadata_within_step" classname="tests.integration.functional.steps.test_utils" time="16.585"/><testcase name="test_log_metadata_using_latest_run" classname="tests.integration.functional.steps.test_utils" time="17.135"/><testcase name="test_private_secret_is_not_visible_to_other_users" classname="tests.integration.functional.zen_stores.test_secrets_store" time="0.002"/><testcase name="test_get_secret_returns_values" classname="tests.integration.functional.zen_stores.test_secrets_store" time="0.160"/><testcase name="test_update_secret_remove_nonexisting_values" classname="tests.integration.functional.zen_stores.test_secrets_store" time="0.318"/><testcase name="test_update_secret_values_sets_updated_date" classname="tests.integration.functional.zen_stores.test_secrets_store" time="1.303"/><testcase name="test_list_secrets_pagination_and_sorting" classname="tests.integration.functional.zen_stores.test_secrets_store" time="3.133"/></testsuite>
  <testsuite name="pytest" tests="10" failures="0" errors="0" skipped="0" time="41.064" timestamp="2026-04-08T22:38:51.376318" hostname="modal"><testcase name="test_must_be_gcs_path" classname="tests.integration.integrations.gcp.artifact_stores.test_gcp_artifact_store" time="2.644"/><testcase name="test_create_model_version_makes_proper_tagging" classname="tests.integration.functional.model.test_model_version.TestModel" time="1.856"/><testcase name="test_metadata_logging" classname="tests.integration.functional.model.test_model_version.TestModel" time="0.256"/><testcase name="test_model_fetch_model_and_version_by_number" classname="tests.integration.functional.model.test_model_version.TestModel" time="0.121"/><testcase name="test_model_created_with_warning" classname="tests.integration.functional.model.test_model_version.TestModel" time="0.069"/><testcase name="test_tags_properly_created" classname="tests.integration.functional.model.test_model_version.TestModel" time="0.195"/><testcase name="test_recovery_flow" classname="tests.integration.functional.model.test_model_version.TestModel" time="0.125"/><testcase name="test_model_create_model_and_version" classname="tests.integration.functional.model.test_model_version.TestModel" time="0.118"/><testcase name="test_init_stage_logic" classname="tests.integration.functional.model.test_model_version.TestModel" time="0.022"/><testcase name="test_link_artifact_via_save_artifact" classname="tests.integration.functional.model.test_model_version.TestModel" time="34.894"/></testsuite>
[...]
  <testsuite name="pytest" tests="10" failures="0" errors="0" skipped="0" time="117.037" timestamp="2026-04-08T22:44:58.703409" hostname="modal"><testcase name="test_run_configuration_from_file" classname="tests.unit.pipelines.test_base_pipeline" time="34.123"/><testcase name="test_reusing_pipeline" classname="tests.unit.pipelines.test_base_pipeline" time="0.002"/><testcase name="test_run_configuration_from_code_and_file" classname="tests.unit.pipelines.test_base_pipeline" time="18.833"/><testcase name="test_run_configuration_in_code" classname="tests.unit.pipelines.test_base_pipeline" time="18.511"/><testcase name="test_pipeline_configuration_with_duplicate_step_configurations" classname="tests.unit.pipelines.test_base_pipeline" time="21.693"/><testcase name="test_pipeline_run_fails_when_required_step_operator_is_missing" classname="tests.unit.pipelines.test_base_pipeline" time="1.851"/><testcase name="test_unique_identifier_considers_spec" classname="tests.unit.pipelines.test_base_pipeline" time="0.031"/><testcase name="test_running_pipeline_creates_and_uses_placeholder_run" classname="tests.unit.pipelines.test_base_pipeline" time="21.183"/><testcase name="test_pipeline_decorator_configuration_gets_applied_during_initialization" classname="tests.unit.pipelines.test_base_pipeline" time="0.002"/><testcase name="test_unique_identifier_considers_step_source_code" classname="tests.unit.pipelines.test_base_pipeline" time="0.008"/></testsuite>
  <testsuite name="pytest" tests="10" failures="0" errors="0" skipped="0" time="216.892" timestamp="2026-04-08T22:43:21.353107" hostname="modal"><testcase name="test_step_run_parent_steps_linkage" classname="tests.integration.functional.models.test_step_run" time="48.570"/><testcase name="test_step_run_linkage" classname="tests.integration.functional.models.test_step_run" time="21.145"/><testcase name="test_step_run_with_too_long_docstring_is_truncated" classname="tests.integration.functional.models.test_step_run" time="20.818"/><testcase name="test_step_run_with_too_long_source_code_is_truncated" classname="tests.integration.functional.models.test_step_run" time="20.807"/><testcase name="test_step_run_has_docstring" classname="tests.integration.functional.models.test_step_run" time="20.166"/><testcase name="test_step_run_has_source_code" classname="tests.integration.functional.models.test_step_run" time="20.251"/><testcase name="test_pipeline_run_with_wrong_source_fails" classname="tests.integration.functional.cli.test_pipeline" time="14.253"/><testcase name="test_pipeline_run_with_custom_build_file" classname="tests.integration.functional.cli.test_pipeline" time="18.154"/><testcase name="test_pipeline_registration_with_repo" classname="tests.integration.functional.cli.test_pipeline" time="13.233"/><testcase name="test_pipeline_build_writes_output_file" classname="tests.integration.functional.cli.test_pipeline" time="16.761"/></testsuite>
  <testsuite name="pytest" tests="10" failures="0" errors="0" skipped="0" time="238.041" timestamp="2026-04-08T22:43:02.638024" hostname="modal"><testcase name="test_link_multiple_named_outputs_with_mixed_linkage" classname="tests.integration.functional.artifacts.test_artifact_config" time="47.159"/><testcase name="test_update_of_has_custom_name" classname="tests.integration.functional.artifacts.test_artifact_config" time="26.054"/><testcase name="test_link_multiple_named_outputs_without_links" classname="tests.integration.functional.artifacts.test_artifact_config" time="16.791"/><testcase name="test_link_minimalistic" classname="tests.integration.functional.artifacts.test_artifact_config" time="27.780"/><testcase name="test_artifacts_linked_from_cache_steps" classname="tests.integration.functional.artifacts.test_artifact_config" time="26.163"/><testcase name="test_link_multiple_named_outputs" classname="tests.integration.functional.artifacts.test_artifact_config" time="18.604"/><testcase name="test_sklearn_materializer" classname="tests.integration.integrations.sklearn.materializers.test_sklearn_materializer" time="11.002"/><testcase name="test_langchain_document_materializer" classname="tests.integration.integrations.langchain.materializers.test_langchain_document_materializer" time="10.809"/><testcase name="test_disabling_step_logs" classname="tests.integration.functional.models.test_step_run" time="34.559"/><testcase name="test_step_run_and_dag_include_step_type" classname="tests.integration.functional.models.test_step_run" time="15.060"/></testsuite>
  <testsuite name="pytest" tests="10" failures="0" errors="0" skipped="0" time="47.236" timestamp="2026-04-08T22:46:14.227818" hostname="modal"><testcase name="test_uuid_materializer" classname="tests.unit.materializers.test_uuid_materializer" time="1.841"/><testcase name="test_run_metadata_resource_equality_and_hash" classname="tests.unit.models.test_run_metadata" time="0.001"/><testcase name="test_step_with_none_input_works" classname="tests.unit.pipelines.dynamic.test_pipeline" time="24.568"/><testcase name="test_step_config_template_parameters_override_step_signature_defaults" classname="tests.unit.pipelines.dynamic.test_pipeline" time="4.295"/><testcase name="test_replay_skips_first_step_and_overrides_second_step_input" classname="tests.unit.pipelines.dynamic.test_pipeline" time="12.522"/><testcase name="test_pipeline_runtime_environment" classname="tests.unit.pipelines.dynamic.test_pipeline" time="3.182"/><testcase name="test_stack_component_validation_prevents_extras" classname="tests.unit.stack.test_utils" time="0.057"/><testcase name="test_user_request_model_fails_with_long_activation_token" classname="tests.unit.models.test_user_models" time="0.001"/><testcase name="test_user_request_model_fails_with_long_password" classname="tests.unit.models.test_user_models" time="0.001"/><testcase name="test_input_resolution_with_missing_artifact" classname="tests.unit.orchestrators.test_input_utils" time="0.004"/></testsuite>
  <testsuite name="pytest" tests="10" failures="0" errors="0" skipped="0" time="48.436" timestamp="2026-04-08T22:46:17.919978" hostname="modal"><testcase name="test_passing_invalid_parameters" classname="tests.unit.steps.test_base_step" time="0.147"/><testcase name="test_returning_wrong_amount_of_objects_raises_an_error[step_instance6]" classname="tests.unit.steps.test_base_step" time="27.024"/><testcase name="test_define_step_without_return_annotation" classname="tests.unit.steps.test_base_step" time="0.003"/><testcase name="test_call_step_with_missing_key" classname="tests.unit.steps.test_base_step" time="0.003"/><testcase name="test_string_outputs_do_not_get_split" classname="tests.unit.steps.test_base_step" time="3.315"/><testcase name="test_configure_step_with_wrong_materializers" classname="tests.unit.steps.test_base_step" time="0.036"/><testcase name="test_configure_step_with_success_hook" classname="tests.unit.steps.test_base_step" time="3.241"/><testcase name="test_step_can_have_raw_artifacts" classname="tests.unit.steps.test_base_step" time="9.589"/><testcase name="test_returning_wrong_amount_of_objects_raises_an_error[step_instance3]" classname="tests.unit.steps.test_base_step" time="4.307"/><testcase name="test_step_source_code_cache_value" classname="tests.unit.steps.test_base_step" time="0.007"/></testsuite>
  <testsuite name="pytest" tests="10" failures="0" errors="0" skipped="0" time="50.132" timestamp="2026-04-08T22:46:20.668195" hostname="modal"><testcase name="test_returning_wrong_amount_of_objects_raises_an_error[step_instance4]" classname="tests.unit.steps.test_base_step" time="26.348"/><testcase name="test_input_validation_inside_pipeline" classname="tests.unit.steps.test_base_step" time="6.821"/><testcase name="test_returning_wrong_amount_of_objects_raises_an_error[step_instance0]" classname="tests.unit.steps.test_base_step" time="3.252"/><testcase name="test_step_can_have_subscripted_generic_input_types" classname="tests.unit.steps.test_base_step" time="4.730"/><testcase name="test_calling_steps_within_steps_works" classname="tests.unit.steps.test_base_step" time="3.395"/><testcase name="test_call_step_with_kwargs" classname="tests.unit.steps.test_base_step" time="0.003"/><testcase name="test_step_can_have_generic_input_types" classname="tests.unit.steps.test_base_step" time="4.784"/><testcase name="test_configure_step_with_invalid_materializer_key_or_source" classname="tests.unit.steps.test_base_step" time="0.005"/><testcase name="test_calling_a_step_works" classname="tests.unit.steps.test_base_step" time="0.002"/><testcase name="test_define_step_without_input_annotation" classname="tests.unit.steps.test_base_step" time="0.002"/></testsuite>
  <testsuite name="pytest" tests="10" failures="0" errors="0" skipped="1" time="149.412" timestamp="2026-04-08T22:44:42.340844" hostname="modal"><testcase name="test_remove_attribute_component_succeeds" classname="tests.integration.functional.cli.test_stack_components" time="11.511"/><testcase name="test_rename_stack_component_to_preexisting_name_fails" classname="tests.integration.functional.cli.test_stack_components" time="9.570"/><testcase name="test_remove_attribute_component_required_attribute_fails" classname="tests.integration.functional.cli.test_stack_components" time="9.514"/><testcase name="test_creating_snapshot_request_from_template" classname="tests.integration.functional.zen_server.pipeline_execution.test_pipeline_execution_utils" time="40.971"/><testcase name="test_example" classname="tests.integration.examples.test_mlflow_deployment" time="1.399"/><testcase name="test_pipeline_run_has_client_and_orchestrator_environment" classname="tests.integration.functional.models.test_pipeline_run" time="19.803"/><testcase name="test_scheduled_pipeline_run_has_schedule_id" classname="tests.integration.functional.models.test_pipeline_run" time="18.341"/><testcase name="test_pipeline_run_artifacts" classname="tests.integration.functional.models.test_pipeline_run" time="21.756"/><testcase name="test_facets_materializer" classname="tests.integration.integrations.facets.materializers.test_facets_materializer" time="12.877"/><testcase name="test_get_step_context_output_for_step_with_multiple_outputs" classname="tests.unit.steps.test_step_context" time="0.075"/></testsuite>
  <testsuite name="pytest" tests="10" failures="0" errors="0" skipped="0" time="53.010" timestamp="2026-04-08T22:46:19.534404" hostname="modal"><testcase name="test_input_validation_outside_of_pipeline" classname="tests.unit.steps.test_base_step" time="40.107"/><testcase name="test_step_can_output_generic_types[step_instance1]" classname="tests.unit.steps.test_base_step" time="4.104"/><testcase name="test_configure_step_with_invalid_settings_key" classname="tests.unit.steps.test_base_step" time="0.001"/><testcase name="test_enabling_a_custom_step_operator_for_a_step" classname="tests.unit.steps.test_base_step" time="0.003"/><testcase name="test_class_based_steps" classname="tests.unit.steps.test_base_step" time="3.936"/><testcase name="test_call_step_with_too_many_args" classname="tests.unit.steps.test_base_step" time="0.003"/><testcase name="test_step_decorator_configuration_gets_applied_during_initialization" classname="tests.unit.steps.test_base_step" time="0.002"/><testcase name="test_returning_an_object_of_the_wrong_type_raises_an_error[step_instance2]" classname="tests.unit.steps.test_base_step" time="3.972"/><testcase name="test_unpacking_step_artifact_raises_custom_exception" classname="tests.unit.steps.test_base_step" time="0.002"/><testcase name="test_call_step_with_wrong_kwarg_type" classname="tests.unit.steps.test_base_step" time="0.004"/></testsuite>
  <testsuite name="pytest" tests="10" failures="0" errors="0" skipped="0" time="58.276" timestamp="2026-04-08T22:46:17.896575" hostname="modal"><testcase name="test_enable_caching_for_step" classname="tests.unit.steps.test_base_step" time="0.261"/><testcase name="test_step_allows_dict_list_annotations" classname="tests.unit.steps.test_base_step" time="41.203"/><testcase name="test_step_can_output_generic_types[step_instance0]" classname="tests.unit.steps.test_base_step" time="5.229"/><testcase name="test_step_can_output_subscripted_generic_types[step_instance1]" classname="tests.unit.steps.test_base_step" time="5.315"/><testcase name="test_define_step_with_variable_args" classname="tests.unit.steps.test_base_step" time="0.001"/><testcase name="test_step_has_no_enable_cache_by_default" classname="tests.unit.steps.test_base_step" time="0.003"/><testcase name="test_call_step_with_wrong_arg_type" classname="tests.unit.steps.test_base_step" time="0.004"/><testcase name="test_returning_wrong_amount_of_objects_raises_an_error[step_instance1]" classname="tests.unit.steps.test_base_step" time="5.030"/><testcase name="test_call_step_with_too_many_args_and_kwargs" classname="tests.unit.steps.test_base_step" time="0.004"/><testcase name="test_upstream_step_computation" classname="tests.unit.steps.test_base_step" time="0.004"/></testsuite>
  <testsuite name="pytest" tests="10" failures="0" errors="0" skipped="0" time="214.535" timestamp="2026-04-08T22:43:53.931003" hostname="modal"><testcase name="test_pipeline_run_without_repo" classname="tests.integration.functional.cli.test_pipeline" time="46.128"/><testcase name="test_pipeline_run_delete" classname="tests.integration.functional.cli.test_pipeline" time="20.839"/><testcase name="test_pipeline_run_with_invalid_build_id_fails" classname="tests.integration.functional.cli.test_pipeline" time="16.054"/><testcase name="test_pipeline_run_with_different_stack" classname="tests.integration.functional.cli.test_pipeline" time="19.332"/><testcase name="test_pipeline_delete" classname="tests.integration.functional.cli.test_pipeline" time="20.956"/><testcase name="test_pipeline_build_delete" classname="tests.integration.functional.cli.test_pipeline" time="13.858"/><testcase name="test_pipeline_schedule_list" classname="tests.integration.functional.cli.test_pipeline" time="19.972"/><testcase name="test_pipeline_list" classname="tests.integration.functional.cli.test_pipeline" time="21.493"/><testcase name="test_pipeline_build_with_config_file" classname="tests.integration.functional.cli.test_pipeline" time="16.372"/><testcase name="test_pipeline_build_with_different_stack" classname="tests.integration.functional.cli.test_pipeline" time="17.085"/></testsuite>
  <testsuite name="pytest" tests="10" failures="0" errors="0" skipped="0" time="213.180" timestamp="2026-04-08T22:43:56.884505" hostname="modal"><testcase name="test_pipeline_run_without_repo" classname="tests.integration.functional.cli.test_pipeline" time="47.368"/><testcase name="test_pipeline_run_delete" classname="tests.integration.functional.cli.test_pipeline" time="22.310"/><testcase name="test_pipeline_run_with_invalid_build_id_fails" classname="tests.integration.functional.cli.test_pipeline" time="15.812"/><testcase name="test_pipeline_run_with_different_stack" classname="tests.integration.functional.cli.test_pipeline" time="18.426"/><testcase name="test_pipeline_delete" classname="tests.integration.functional.cli.test_pipeline" time="20.084"/><testcase name="test_pipeline_build_delete" classname="tests.integration.functional.cli.test_pipeline" time="13.200"/><testcase name="test_pipeline_schedule_list" classname="tests.integration.functional.cli.test_pipeline" time="19.444"/><testcase name="test_pipeline_list" classname="tests.integration.functional.cli.test_pipeline" time="19.746"/><testcase name="test_pipeline_build_with_config_file" classname="tests.integration.functional.cli.test_pipeline" time="17.160"/><testcase name="test_pipeline_build_with_different_stack" classname="tests.integration.functional.cli.test_pipeline" time="16.946"/></testsuite>
  <testsuite name="pytest" tests="10" failures="0" errors="0" skipped="0" time="81.029" timestamp="2026-04-08T22:46:19.853851" hostname="modal"><testcase name="test_returning_wrong_amount_of_objects_raises_an_error[step_instance5]" classname="tests.unit.steps.test_base_step" time="37.324"/><testcase name="test_step_parameter_from_file_and_code_fails_on_conflict" classname="tests.unit.steps.test_base_step" time="1.037"/><testcase name="test_returning_an_object_of_the_wrong_type_raises_an_error[step_instance1]" classname="tests.unit.steps.test_base_step" time="4.523"/><testcase name="test_step_configuration" classname="tests.unit.steps.test_base_step" time="0.003"/><testcase name="test_upstream_step_computation_from_step_artifact" classname="tests.unit.steps.test_base_step" time="0.003"/><testcase name="test_configure_step_with_failure_hook" classname="tests.unit.steps.test_base_step" time="13.624"/><testcase name="test_artifact_version_as_step_input" classname="tests.unit.steps.test_base_step" time="18.925"/><testcase name="test_call_step_with_args_and_kwargs" classname="tests.unit.steps.test_base_step" time="0.003"/><testcase name="test_passing_valid_parameters" classname="tests.unit.steps.test_base_step" time="4.500"/><testcase name="test_call_step_with_unexpected_key" classname="tests.unit.steps.test_base_step" time="0.005"/></testsuite>
  <testsuite name="pytest" tests="10" failures="0" errors="0" skipped="0" time="289.867" timestamp="2026-04-08T22:45:39.996786" hostname="modal"><testcase name="test_valid_path[aria://my-bucket/my-folder/my-file.txt]" classname="tests.unit.artifact_stores.test_base_artifact_store.TestBaseArtifactStoreConfig" time="0.176"/><testcase name="test_invalid_path[http://my-bucket/my-folder/my-file.txt]" classname="tests.unit.artifact_stores.test_base_artifact_store.TestBaseArtifactStoreConfig" time="0.003"/><testcase name="test_valid_path[&quot;aria://my-bucket/my-folder/my-file.txt&quot;]" classname="tests.unit.artifact_stores.test_base_artifact_store.TestBaseArtifactStoreConfig" time="0.001"/><testcase name="test_valid_path[&apos;aria://my-bucket/my-folder/my-file.txt&apos;]" classname="tests.unit.artifact_stores.test_base_artifact_store.TestBaseArtifactStoreConfig" time="0.001"/><testcase name="test_upload_build_context" classname="tests.unit.image_builders.test_base_image_builder" time="288.589"/><testcase name="test_pipeline_filter_by_latest_execution" classname="tests.unit.models.test_pipeline_models" time="0.046"/><testcase name="test_pipeline_request_model_fails_with_long_docstring" classname="tests.unit.models.test_pipeline_models" time="0.001"/><testcase name="test_pipeline_request_model_fails_with_long_name" classname="tests.unit.models.test_pipeline_models" time="0.001"/><testcase name="test_pydantic_materializer" classname="tests.unit.materializers.test_pydantic_materializer" time="0.031"/><testcase name="test_integration_sdk_docs_url" classname="tests.unit.test_flavor" time="0.075"/></testsuite>
</testsuites>
