<?xml version="1.0" encoding="UTF-8"?>
<testsuites name="offload" tests="520" failures="2" errors="38" time="416.471">
  <testsuite name="pytest" tests="1" failures="0" errors="1" skipped="0" time="0.260" timestamp="2026-04-08T17:55:53.260636+00:00" hostname="modal"><testcase name="tests.unit.utils.test_dashboard_utils" classname="" time="0.000"><error message="collection failure">ImportError while importing test module &apos;/app/tests/unit/utils/test_dashboard_utils.py&apos;.
Hint: make sure your test modules/packages have valid Python names.
Traceback:
/usr/local/lib/python3.13/importlib/__init__.py:88: in import_module
    return _bootstrap._gcd_import(name[level:], package, level)
           ^^^^^^^^^^^^^^^^^^^^^^^^^^^^^^^^^^^^^^^^^^^^^^^^^^^^
tests/unit/utils/test_dashboard_utils.py:17: in &lt;module&gt;
    from hypothesis import given, settings
E   ModuleNotFoundError: No module named &apos;hypothesis&apos;</error></testcase></testsuite>
  <testsuite name="pytest" tests="1" failures="0" errors="1" skipped="0" time="0.303" timestamp="2026-04-08T17:55:56.704396+00:00" hostname="modal"><testcase name="tests.unit.utils.test_dashboard_utils" classname="" time="0.000"><error message="collection failure">ImportError while importing test module &apos;/app/tests/unit/utils/test_dashboard_utils.py&apos;.
Hint: make sure your test modules/packages have valid Python names.
Traceback:
/usr/local/lib/python3.13/importlib/__init__.py:88: in import_module
    return _bootstrap._gcd_import(name[level:], package, level)
           ^^^^^^^^^^^^^^^^^^^^^^^^^^^^^^^^^^^^^^^^^^^^^^^^^^^^
tests/unit/utils/test_dashboard_utils.py:17: in &lt;module&gt;
    from hypothesis import given, settings
E   ModuleNotFoundError: No module named &apos;hypothesis&apos;</error></testcase></testsuite>
  <testsuite name="pytest" tests="1" failures="0" errors="1" skipped="0" time="0.287" timestamp="2026-04-08T17:55:57.138748+00:00" hostname="modal"><testcase name="tests.unit.utils.test_dashboard_utils" classname="" time="0.000"><error message="collection failure">ImportError while importing test module &apos;/app/tests/unit/utils/test_dashboard_utils.py&apos;.
Hint: make sure your test modules/packages have valid Python names.
Traceback:
/usr/local/lib/python3.13/importlib/__init__.py:88: in import_module
    return _bootstrap._gcd_import(name[level:], package, level)
           ^^^^^^^^^^^^^^^^^^^^^^^^^^^^^^^^^^^^^^^^^^^^^^^^^^^^
tests/unit/utils/test_dashboard_utils.py:17: in &lt;module&gt;
    from hypothesis import given, settings
E   ModuleNotFoundError: No module named &apos;hypothesis&apos;</error></testcase></testsuite>
  <testsuite name="pytest" tests="10" failures="0" errors="0" skipped="0" time="9.415" timestamp="2026-04-08T17:55:53.615321+00:00" hostname="modal"><testcase name="test_handle_int_env_var" classname="tests.unit.test_constants" time="0.043"/><testcase name="test_failure_hook_merging" classname="tests.unit.config.test_compiler" time="8.317"/><testcase name="test_extra_merging" classname="tests.unit.config.test_compiler" time="0.359"/><testcase name="test_compiling_pipeline_with_missing_step_operator" classname="tests.unit.config.test_compiler" time="0.007"/><testcase name="test_invalid_settings_keys_are_ignored" classname="tests.unit.config.test_compiler" time="0.369"/><testcase name="test_generate_cache_key_considers_input_artifact_content_hash" classname="tests.unit.orchestrators.test_cache_utils" time="0.049"/><testcase name="test_generate_cache_key_is_deterministic" classname="tests.unit.orchestrators.test_cache_utils" time="0.009"/><testcase name="test_fetching_cached_step_run_queries_cache_candidates" classname="tests.unit.orchestrators.test_cache_utils" time="0.009"/><testcase name="test_unit_byte_value_defined_for_all_values" classname="tests.unit.config.test_resource_settings" time="0.001"/><testcase name="test_running_a_failing_step" classname="tests.unit.orchestrators.test_step_runner" time="0.085"/></testsuite>
  <testsuite name="pytest" tests="10" failures="0" errors="0" skipped="0" time="8.426" timestamp="2026-04-08T17:55:59.973422+00:00" hostname="modal"><testcase name="test_loading_input_artifact_without_specified_data_type" classname="tests.unit.orchestrators.test_step_runner" time="8.156"/><testcase name="test_get_service_info_aggregates_snapshot" classname="tests.unit.deployers.server.test_service" time="0.003"/><testcase name="test_input_output_schema_properties" classname="tests.unit.deployers.server.test_service" time="0.001"/><testcase name="test_execution_metrics_reflect_counters" classname="tests.unit.deployers.server.test_service" time="0.001"/><testcase name="test_execute_pipeline_calls_subroutines" classname="tests.unit.deployers.server.test_service" time="0.002"/><testcase name="test_build_response_success" classname="tests.unit.deployers.server.test_service" time="0.003"/><testcase name="test_map_outputs_handles_missing_data" classname="tests.unit.deployers.server.test_service" time="0.001"/><testcase name="test_build_response_error" classname="tests.unit.deployers.server.test_service" time="0.001"/><testcase name="test_map_outputs_returns_filtered_mapping" classname="tests.unit.deployers.server.test_service" time="0.001"/><testcase name="test_inline_step_future_running_checks" classname="tests.unit.pipelines.dynamic.test_outputs" time="0.002"/></testsuite>
  <testsuite name="pytest" tests="10" failures="0" errors="0" skipped="0" time="18.323" timestamp="2026-04-08T17:55:53.583022+00:00" hostname="modal"><testcase name="test_handle_json_env_var" classname="tests.unit.test_constants" time="0.044"/><testcase name="test_compiling_pipeline_with_invalid_run_name_fails" classname="tests.unit.config.test_compiler" time="0.115"/><testcase name="test_compiling_pipeline_with_missing_experiment_tracker" classname="tests.unit.config.test_compiler" time="0.010"/><testcase name="test_stack_component_settings_for_missing_component_are_ignored" classname="tests.unit.config.test_compiler" time="7.398"/><testcase name="test_versioned_identifier_validators" classname="tests.unit.models.test_param_groups" time="0.002"/><testcase name="test_fetching_cached_step_run_uses_latest_candidate" classname="tests.unit.orchestrators.test_cache_utils" time="5.371"/><testcase name="test_generate_cache_key_considers_caching_parameters" classname="tests.unit.orchestrators.test_cache_utils" time="0.039"/><testcase name="test_generate_cache_key_considers_cache_func" classname="tests.unit.orchestrators.test_cache_utils" time="5.098"/><testcase name="test_resource_config_empty" classname="tests.unit.config.test_resource_settings" time="0.001"/><testcase name="test_running_a_successful_step" classname="tests.unit.orchestrators.test_step_runner" time="0.051"/></testsuite>
  <testsuite name="pytest" tests="10" failures="0" errors="0" skipped="0" time="2.084" timestamp="2026-04-08T17:56:10.608060+00:00" hostname="modal"><testcase name="test_get_run_environment_dict" classname="tests.unit.test_environment" time="0.413"/><testcase name="test_environment_platform_info_correctness" classname="tests.unit.test_environment" time="0.001"/><testcase name="test_publish_step_run_metadata" classname="tests.unit.orchestrators.test_publish_utils" time="1.357"/><testcase name="test_publish_pipeline_run_metadata" classname="tests.unit.orchestrators.test_publish_utils" time="0.002"/><testcase name="test_publishing_a_successful_step_run" classname="tests.unit.orchestrators.test_publish_utils" time="0.001"/><testcase name="test_publishing_a_failed_step_run" classname="tests.unit.orchestrators.test_publish_utils" time="0.001"/><testcase name="test_publishing_a_failed_pipeline_run" classname="tests.unit.orchestrators.test_publish_utils" time="0.001"/><testcase name="test_is_safe_tar_member_mixed_scenarios" classname="tests.unit.materializers.test_path_materializer" time="0.002"/><testcase name="test_path_materializer_with_binary_file" classname="tests.unit.materializers.test_path_materializer" time="0.173"/><testcase name="test_is_safe_tar_member_hard_links" classname="tests.unit.materializers.test_path_materializer" time="0.001"/></testsuite>
  <testsuite name="pytest" tests="10" failures="0" errors="0" skipped="0" time="10.168" timestamp="2026-04-08T17:56:05.423321+00:00" hostname="modal"><testcase name="test_step_operator_validation" classname="tests.unit.orchestrators.test_step_launcher" time="0.337"/><testcase name="test_reverse_dag" classname="tests.unit.orchestrators.test_dag_runner" time="0.002"/><testcase name="test_dag_runner_multi_path" classname="tests.unit.orchestrators.test_dag_runner" time="0.007"/><testcase name="test_dag_runner_single" classname="tests.unit.orchestrators.test_dag_runner" time="0.002"/><testcase name="test_dag_runner_linear" classname="tests.unit.orchestrators.test_dag_runner" time="0.003"/><testcase name="test_dag_runner_cyclic" classname="tests.unit.orchestrators.test_dag_runner" time="0.001"/><testcase name="test_dag_runner_empty" classname="tests.unit.orchestrators.test_dag_runner" time="0.002"/><testcase name="test_building_with_identical_keys_and_different_settings" classname="tests.unit.pipelines.test_build_utils" time="9.642"/><testcase name="test_building_with_identical_keys_and_settings" classname="tests.unit.pipelines.test_build_utils" time="0.039"/><testcase name="test_custom_build_verification" classname="tests.unit.pipelines.test_build_utils" time="0.042"/></testsuite>
  <testsuite name="pytest" tests="10" failures="0" errors="0" skipped="0" time="10.457" timestamp="2026-04-08T17:56:05.828998+00:00" hostname="modal"><testcase name="test_build_uses_correct_settings" classname="tests.unit.pipelines.test_build_utils" time="10.250"/><testcase name="test_build_is_skipped_when_not_required" classname="tests.unit.pipelines.test_build_utils" time="0.002"/><testcase name="test_finding_existing_build" classname="tests.unit.pipelines.test_build_utils" time="0.032"/><testcase name="test_local_repo_verification" classname="tests.unit.pipelines.test_build_utils" time="0.006"/><testcase name="test_stack_with_container_registry_creates_non_local_build" classname="tests.unit.pipelines.test_build_utils" time="0.016"/><testcase name="test_build_checksum_computation" classname="tests.unit.pipelines.test_build_utils" time="0.002"/><testcase name="test_building_with_different_keys_and_identical_settings" classname="tests.unit.pipelines.test_build_utils" time="0.015"/><testcase name="test_should_upload_code_dynamic_snapshot_no_steps" classname="tests.unit.pipelines.test_build_utils" time="0.001"/><testcase name="test_ipython_terminal_detection_when_not_installed" classname="tests.unit.test_environment" time="0.002"/><testcase name="test_environment_is_singleton" classname="tests.unit.test_environment" time="0.001"/></testsuite>
  <testsuite name="pytest" tests="10" failures="0" errors="0" skipped="0" time="7.791" timestamp="2026-04-08T17:56:16.059017+00:00" hostname="modal"><testcase name="test_path_materializer_with_file" classname="tests.unit.materializers.test_path_materializer" time="7.627"/><testcase name="test_path_materializer" classname="tests.unit.materializers.test_path_materializer" time="0.008"/><testcase name="test_is_safe_tar_member_symbolic_links" classname="tests.unit.materializers.test_path_materializer" time="0.001"/><testcase name="test_is_safe_tar_member_regular_files" classname="tests.unit.materializers.test_path_materializer" time="0.001"/><testcase name="test_component_base_model_fails_with_long_flavor" classname="tests.unit.models.test_component_models" time="0.001"/><testcase name="test_build_skipping" classname="tests.unit.config.test_docker_settings" time="0.001"/><testcase name="test_file_sync_model_works" classname="tests.unit.utils.test_filesync_model" time="0.005"/><testcase name="test_invalid_config_file" classname="tests.unit.utils.test_filesync_model" time="0.002"/><testcase name="test_missing_config_file" classname="tests.unit.utils.test_filesync_model" time="0.001"/><testcase name="test_concurrent_updates" classname="tests.unit.utils.test_filesync_model" time="0.004"/></testsuite>
  <testsuite name="pytest" tests="10" failures="0" errors="0" skipped="0" time="5.737" timestamp="2026-04-08T17:56:19.990981+00:00" hostname="modal"><testcase name="test_step_decorator_configuration_gets_applied_during_initialization" classname="tests.unit.steps.test_base_step" time="0.044"/><testcase name="test_step_can_output_generic_types[step_instance1]" classname="tests.unit.steps.test_base_step" time="3.329"/><testcase name="test_call_step_with_wrong_kwarg_type" classname="tests.unit.steps.test_base_step" time="0.003"/><testcase name="test_step_has_no_enable_cache_by_default" classname="tests.unit.steps.test_base_step" time="0.002"/><testcase name="test_returning_an_object_of_the_wrong_type_raises_an_error[step_instance1]" classname="tests.unit.steps.test_base_step" time="1.093"/><testcase name="test_returning_wrong_amount_of_objects_raises_an_error[step_instance0]" classname="tests.unit.steps.test_base_step" time="1.079"/><testcase name="test_call_step_with_unexpected_key" classname="tests.unit.steps.test_base_step" time="0.002"/><testcase name="test_call_step_with_args" classname="tests.unit.steps.test_base_step" time="0.002"/><testcase name="test_passing_invalid_parameters" classname="tests.unit.steps.test_base_step" time="0.002"/><testcase name="test_enabling_a_custom_step_operator_for_a_step" classname="tests.unit.steps.test_base_step" time="0.003"/></testsuite>
  <testsuite name="pytest" tests="10" failures="0" errors="0" skipped="0" time="6.893" timestamp="2026-04-08T17:56:19.746881+00:00" hostname="modal"><testcase name="test_env_var_substitution" classname="tests.unit.utils.test_env_utils" time="0.045"/><testcase name="test_split_reconstruct_large_env_vars" classname="tests.unit.utils.test_env_utils" time="0.001"/><testcase name="test_env_resolution_expected_behaviors" classname="tests.unit.utils.test_env_utils" time="0.002"/><testcase name="test_env_resolution_unexpected_behaviors_raise" classname="tests.unit.utils.test_env_utils" time="0.002"/><testcase name="test_split_too_large_env_var_fails" classname="tests.unit.utils.test_env_utils" time="0.001"/><testcase name="test_step_can_output_generic_types[step_instance0]" classname="tests.unit.steps.test_base_step" time="3.419"/><testcase name="test_returning_wrong_amount_of_objects_raises_an_error[step_instance5]" classname="tests.unit.steps.test_base_step" time="1.078"/><testcase name="test_step_can_output_subscripted_generic_types[step_instance1]" classname="tests.unit.steps.test_base_step" time="1.129"/><testcase name="test_string_outputs_do_not_get_split" classname="tests.unit.steps.test_base_step" time="1.036"/><testcase name="test_unpacking_step_artifact_raises_custom_exception" classname="tests.unit.steps.test_base_step" time="0.002"/></testsuite>
  <testsuite name="pytest" tests="1" failures="0" errors="1" skipped="0" time="0.271" timestamp="2026-04-08T17:56:34.272095+00:00" hostname="modal"><testcase name="tests.unit.utils.test_networking_utils" classname="" time="0.000"><error message="collection failure">ImportError while importing test module &apos;/app/tests/unit/utils/test_networking_utils.py&apos;.
Hint: make sure your test modules/packages have valid Python names.
Traceback:
/usr/local/lib/python3.13/importlib/__init__.py:88: in import_module
    return _bootstrap._gcd_import(name[level:], package, level)
           ^^^^^^^^^^^^^^^^^^^^^^^^^^^^^^^^^^^^^^^^^^^^^^^^^^^^
tests/unit/utils/test_networking_utils.py:17: in &lt;module&gt;
    import hypothesis.strategies as st
E   ModuleNotFoundError: No module named &apos;hypothesis&apos;</error></testcase></testsuite>
  <testsuite name="pytest" tests="10" failures="0" errors="0" skipped="0" time="8.868" timestamp="2026-04-08T17:56:25.392518+00:00" hostname="modal"><testcase name="test_call_step_with_wrong_arg_type" classname="tests.unit.steps.test_base_step" time="0.051"/><testcase name="test_returning_wrong_amount_of_objects_raises_an_error[step_instance6]" classname="tests.unit.steps.test_base_step" time="5.564"/><testcase name="test_returning_wrong_amount_of_objects_raises_an_error[step_instance4]" classname="tests.unit.steps.test_base_step" time="1.497"/><testcase name="test_calling_a_step_works" classname="tests.unit.steps.test_base_step" time="0.003"/><testcase name="test_define_step_without_input_annotation" classname="tests.unit.steps.test_base_step" time="0.003"/><testcase name="test_configure_step_with_invalid_materializer_key_or_source" classname="tests.unit.steps.test_base_step" time="0.008"/><testcase name="test_configure_step_with_invalid_settings_key" classname="tests.unit.steps.test_base_step" time="0.001"/><testcase name="test_configure_step_with_wrong_materializers" classname="tests.unit.steps.test_base_step" time="0.048"/><testcase name="test_returning_an_object_of_the_wrong_type_raises_an_error[step_instance2]" classname="tests.unit.steps.test_base_step" time="1.513"/><testcase name="test_step_decorator_creates_class_in_same_module_as_decorated_function" classname="tests.unit.steps.test_base_step" time="0.004"/></testsuite>
  <testsuite name="pytest" tests="1" failures="0" errors="1" skipped="0" time="0.176" timestamp="2026-04-08T17:56:41.500003+00:00" hostname="modal"><testcase name="tests.unit.utils.test_networking_utils" classname="" time="0.000"><error message="collection failure">ImportError while importing test module &apos;/app/tests/unit/utils/test_networking_utils.py&apos;.
Hint: make sure your test modules/packages have valid Python names.
Traceback:
/usr/local/lib/python3.13/importlib/__init__.py:88: in import_module
    return _bootstrap._gcd_import(name[level:], package, level)
           ^^^^^^^^^^^^^^^^^^^^^^^^^^^^^^^^^^^^^^^^^^^^^^^^^^^^
tests/unit/utils/test_networking_utils.py:17: in &lt;module&gt;
    import hypothesis.strategies as st
E   ModuleNotFoundError: No module named &apos;hypothesis&apos;</error></testcase></testsuite>
  <testsuite name="pytest" tests="10" failures="0" errors="0" skipped="0" time="17.100" timestamp="2026-04-08T17:56:24.805785+00:00" hostname="modal"><testcase name="test_step_can_have_subscripted_generic_input_types" classname="tests.unit.steps.test_base_step" time="7.003"/><testcase name="test_define_step_with_keyword_only_arguments" classname="tests.unit.steps.test_base_step" time="0.004"/><testcase name="test_step_parameter_from_file_and_code_fails_on_conflict" classname="tests.unit.steps.test_base_step" time="0.531"/><testcase name="test_upstream_step_computation" classname="tests.unit.steps.test_base_step" time="0.003"/><testcase name="test_passing_valid_parameters" classname="tests.unit.steps.test_base_step" time="1.619"/><testcase name="test_call_step_with_missing_key" classname="tests.unit.steps.test_base_step" time="0.004"/><testcase name="test_configure_step_with_failure_hook" classname="tests.unit.steps.test_base_step" time="4.609"/><testcase name="test_returning_an_object_of_the_wrong_type_raises_an_error[step_instance0]" classname="tests.unit.steps.test_base_step" time="1.566"/><testcase name="test_returning_wrong_amount_of_objects_raises_an_error[step_instance1]" classname="tests.unit.steps.test_base_step" time="1.574"/><testcase name="test_define_step_with_variable_kwargs" classname="tests.unit.steps.test_base_step" time="0.004"/></testsuite>
  <testsuite name="pytest" tests="10" failures="0" errors="0" skipped="0" time="11.214" timestamp="2026-04-08T17:56:33.044364+00:00" hostname="modal"><testcase name="test_class_based_steps" classname="tests.unit.steps.test_base_step" time="3.248"/><testcase name="test_call_step_with_default_materializer_registered" classname="tests.unit.steps.test_base_step" time="0.002"/><testcase name="test_returning_wrong_amount_of_objects_raises_an_error[step_instance3]" classname="tests.unit.steps.test_base_step" time="1.092"/><testcase name="test_step_configuration" classname="tests.unit.steps.test_base_step" time="0.002"/><testcase name="test_enable_caching_for_step" classname="tests.unit.steps.test_base_step" time="0.002"/><testcase name="test_upstream_step_computation_from_step_artifact" classname="tests.unit.steps.test_base_step" time="0.001"/><testcase name="test_call_step_with_args_and_kwargs" classname="tests.unit.steps.test_base_step" time="0.002"/><testcase name="test_define_step_with_variable_args" classname="tests.unit.steps.test_base_step" time="0.001"/><testcase name="test_configure_step_with_success_hook" classname="tests.unit.steps.test_base_step" time="1.058"/><testcase name="test_step_can_have_raw_artifacts" classname="tests.unit.steps.test_base_step" time="5.620"/></testsuite>
  <testsuite name="pytest" tests="10" failures="0" errors="0" skipped="0" time="2.930" timestamp="2026-04-08T17:56:43.472127+00:00" hostname="modal"><testcase name="test_remove_none_values_method_works" classname="tests.unit.utils.test_dict_utils" time="0.050"/><testcase name="test_recursive_update_works_when_original_is_empty" classname="tests.unit.utils.test_dict_utils" time="0.001"/><testcase name="test_recursive_update_works_three_levels_down" classname="tests.unit.utils.test_dict_utils" time="0.001"/><testcase name="test_recursive_update_fails_when_update_is_not_a_dict" classname="tests.unit.utils.test_dict_utils" time="0.001"/><testcase name="test_remove_none_values_method_works_when_recursive_flag_used" classname="tests.unit.utils.test_dict_utils" time="0.001"/><testcase name="test_recursive_update_works" classname="tests.unit.utils.test_dict_utils" time="0.001"/><testcase name="test_recursive_update_works_when_update_is_empty" classname="tests.unit.utils.test_dict_utils" time="0.001"/><testcase name="test_pydantic_materializer" classname="tests.unit.materializers.test_pydantic_materializer" time="2.713"/><testcase name="test_update_model_works_with_dict" classname="tests.unit.utils.test_pydantic_utils" time="0.002"/><testcase name="test_yaml_serialization_mixin" classname="tests.unit.utils.test_pydantic_utils" time="0.004"/></testsuite>
  <testsuite name="pytest" tests="1" failures="0" errors="1" skipped="0" time="0.124" timestamp="2026-04-08T17:56:48.307353+00:00" hostname="modal"><testcase name="tests.unit.utils.test_visualization_utils" classname="" time="0.000"><error message="collection failure">ImportError while importing test module &apos;/app/tests/unit/utils/test_visualization_utils.py&apos;.
Hint: make sure your test modules/packages have valid Python names.
Traceback:
/usr/local/lib/python3.13/importlib/__init__.py:88: in import_module
    return _bootstrap._gcd_import(name[level:], package, level)
           ^^^^^^^^^^^^^^^^^^^^^^^^^^^^^^^^^^^^^^^^^^^^^^^^^^^^
tests/unit/utils/test_visualization_utils.py:16: in &lt;module&gt;
    from bs4 import BeautifulSoup
E   ModuleNotFoundError: No module named &apos;bs4&apos;</error></testcase></testsuite>
  <testsuite name="pytest" tests="10" failures="0" errors="0" skipped="0" time="17.563" timestamp="2026-04-08T17:56:31.526928+00:00" hostname="modal"><testcase name="test_artifact_version_as_step_input" classname="tests.unit.steps.test_base_step" time="9.176"/><testcase name="test_call_step_with_too_many_args_and_kwargs" classname="tests.unit.steps.test_base_step" time="0.003"/><testcase name="test_input_validation_outside_of_pipeline" classname="tests.unit.steps.test_base_step" time="4.100"/><testcase name="test_step_can_have_generic_input_types" classname="tests.unit.steps.test_base_step" time="1.792"/><testcase name="test_call_step_with_kwargs" classname="tests.unit.steps.test_base_step" time="0.002"/><testcase name="test_disable_caching_for_step" classname="tests.unit.steps.test_base_step" time="0.002"/><testcase name="test_calling_steps_within_steps_works" classname="tests.unit.steps.test_base_step" time="1.133"/><testcase name="test_step_source_code_cache_value" classname="tests.unit.steps.test_base_step" time="0.008"/><testcase name="test_define_step_without_return_annotation" classname="tests.unit.steps.test_base_step" time="0.002"/><testcase name="test_step_allows_dict_list_annotations" classname="tests.unit.steps.test_base_step" time="1.173"/></testsuite>
  <testsuite name="pytest" tests="1" failures="0" errors="1" skipped="0" time="0.103" timestamp="2026-04-08T17:56:51.258700+00:00" hostname="modal"><testcase name="tests.unit.utils.test_visualization_utils" classname="" time="0.000"><error message="collection failure">ImportError while importing test module &apos;/app/tests/unit/utils/test_visualization_utils.py&apos;.
Hint: make sure your test modules/packages have valid Python names.
Traceback:
/usr/local/lib/python3.13/importlib/__init__.py:88: in import_module
    return _bootstrap._gcd_import(name[level:], package, level)
           ^^^^^^^^^^^^^^^^^^^^^^^^^^^^^^^^^^^^^^^^^^^^^^^^^^^^
tests/unit/utils/test_visualization_utils.py:16: in &lt;module&gt;
    from bs4 import BeautifulSoup
E   ModuleNotFoundError: No module named &apos;bs4&apos;</error></testcase></testsuite>
  <testsuite name="pytest" tests="1" failures="0" errors="1" skipped="0" time="0.153" timestamp="2026-04-08T17:56:51.945545+00:00" hostname="modal"><testcase name="tests.unit.utils.test_visualization_utils" classname="" time="0.000"><error message="collection failure">ImportError while importing test module &apos;/app/tests/unit/utils/test_visualization_utils.py&apos;.
Hint: make sure your test modules/packages have valid Python names.
Traceback:
/usr/local/lib/python3.13/importlib/__init__.py:88: in import_module
    return _bootstrap._gcd_import(name[level:], package, level)
           ^^^^^^^^^^^^^^^^^^^^^^^^^^^^^^^^^^^^^^^^^^^^^^^^^^^^
tests/unit/utils/test_visualization_utils.py:16: in &lt;module&gt;
    from bs4 import BeautifulSoup
E   ModuleNotFoundError: No module named &apos;bs4&apos;</error></testcase></testsuite>
  <testsuite name="pytest" tests="1" failures="0" errors="1" skipped="0" time="0.115" timestamp="2026-04-08T17:56:55.189232+00:00" hostname="modal"><testcase name="tests.unit.utils.test_visualization_utils" classname="" time="0.000"><error message="collection failure">ImportError while importing test module &apos;/app/tests/unit/utils/test_visualization_utils.py&apos;.
Hint: make sure your test modules/packages have valid Python names.
Traceback:
/usr/local/lib/python3.13/importlib/__init__.py:88: in import_module
    return _bootstrap._gcd_import(name[level:], package, level)
           ^^^^^^^^^^^^^^^^^^^^^^^^^^^^^^^^^^^^^^^^^^^^^^^^^^^^
tests/unit/utils/test_visualization_utils.py:16: in &lt;module&gt;
    from bs4 import BeautifulSoup
E   ModuleNotFoundError: No module named &apos;bs4&apos;</error></testcase></testsuite>
  <testsuite name="pytest" tests="1" failures="0" errors="1" skipped="0" time="0.152" timestamp="2026-04-08T17:56:56.043337+00:00" hostname="modal"><testcase name="tests.unit.utils.test_visualization_utils" classname="" time="0.000"><error message="collection failure">ImportError while importing test module &apos;/app/tests/unit/utils/test_visualization_utils.py&apos;.
Hint: make sure your test modules/packages have valid Python names.
Traceback:
/usr/local/lib/python3.13/importlib/__init__.py:88: in import_module
    return _bootstrap._gcd_import(name[level:], package, level)
           ^^^^^^^^^^^^^^^^^^^^^^^^^^^^^^^^^^^^^^^^^^^^^^^^^^^^
tests/unit/utils/test_visualization_utils.py:16: in &lt;module&gt;
    from bs4 import BeautifulSoup
E   ModuleNotFoundError: No module named &apos;bs4&apos;</error></testcase></testsuite>
  <testsuite name="pytest" tests="1" failures="0" errors="1" skipped="0" time="0.105" timestamp="2026-04-08T17:56:56.656702+00:00" hostname="modal"><testcase name="tests.unit.utils.test_visualization_utils" classname="" time="0.000"><error message="collection failure">ImportError while importing test module &apos;/app/tests/unit/utils/test_visualization_utils.py&apos;.
Hint: make sure your test modules/packages have valid Python names.
Traceback:
/usr/local/lib/python3.13/importlib/__init__.py:88: in import_module
    return _bootstrap._gcd_import(name[level:], package, level)
           ^^^^^^^^^^^^^^^^^^^^^^^^^^^^^^^^^^^^^^^^^^^^^^^^^^^^
tests/unit/utils/test_visualization_utils.py:16: in &lt;module&gt;
    from bs4 import BeautifulSoup
E   ModuleNotFoundError: No module named &apos;bs4&apos;</error></testcase></testsuite>
  <testsuite name="pytest" tests="1" failures="0" errors="1" skipped="0" time="0.106" timestamp="2026-04-08T17:56:57.628781+00:00" hostname="modal"><testcase name="tests.unit.utils.test_visualization_utils" classname="" time="0.000"><error message="collection failure">ImportError while importing test module &apos;/app/tests/unit/utils/test_visualization_utils.py&apos;.
Hint: make sure your test modules/packages have valid Python names.
Traceback:
/usr/local/lib/python3.13/importlib/__init__.py:88: in import_module
    return _bootstrap._gcd_import(name[level:], package, level)
           ^^^^^^^^^^^^^^^^^^^^^^^^^^^^^^^^^^^^^^^^^^^^^^^^^^^^
tests/unit/utils/test_visualization_utils.py:16: in &lt;module&gt;
    from bs4 import BeautifulSoup
E   ModuleNotFoundError: No module named &apos;bs4&apos;</error></testcase></testsuite>
  <testsuite name="pytest" tests="1" failures="0" errors="1" skipped="0" time="0.353" timestamp="2026-04-08T17:57:01.013278+00:00" hostname="modal"><testcase name="tests.unit.utils.test_visualization_utils" classname="" time="0.000"><error message="collection failure">ImportError while importing test module &apos;/app/tests/unit/utils/test_visualization_utils.py&apos;.
Hint: make sure your test modules/packages have valid Python names.
Traceback:
/usr/local/lib/python3.13/importlib/__init__.py:88: in import_module
    return _bootstrap._gcd_import(name[level:], package, level)
           ^^^^^^^^^^^^^^^^^^^^^^^^^^^^^^^^^^^^^^^^^^^^^^^^^^^^
tests/unit/utils/test_visualization_utils.py:16: in &lt;module&gt;
    from bs4 import BeautifulSoup
E   ModuleNotFoundError: No module named &apos;bs4&apos;</error></testcase></testsuite>
  <testsuite name="pytest" tests="1" failures="0" errors="1" skipped="0" time="0.107" timestamp="2026-04-08T17:57:01.929429+00:00" hostname="modal"><testcase name="tests.unit.utils.test_visualization_utils" classname="" time="0.000"><error message="collection failure">ImportError while importing test module &apos;/app/tests/unit/utils/test_visualization_utils.py&apos;.
Hint: make sure your test modules/packages have valid Python names.
Traceback:
/usr/local/lib/python3.13/importlib/__init__.py:88: in import_module
    return _bootstrap._gcd_import(name[level:], package, level)
           ^^^^^^^^^^^^^^^^^^^^^^^^^^^^^^^^^^^^^^^^^^^^^^^^^^^^
tests/unit/utils/test_visualization_utils.py:16: in &lt;module&gt;
    from bs4 import BeautifulSoup
E   ModuleNotFoundError: No module named &apos;bs4&apos;</error></testcase></testsuite>
  <testsuite name="pytest" tests="1" failures="0" errors="1" skipped="0" time="0.104" timestamp="2026-04-08T17:57:02.935812+00:00" hostname="modal"><testcase name="tests.unit.utils.test_visualization_utils" classname="" time="0.000"><error message="collection failure">ImportError while importing test module &apos;/app/tests/unit/utils/test_visualization_utils.py&apos;.
Hint: make sure your test modules/packages have valid Python names.
Traceback:
/usr/local/lib/python3.13/importlib/__init__.py:88: in import_module
    return _bootstrap._gcd_import(name[level:], package, level)
           ^^^^^^^^^^^^^^^^^^^^^^^^^^^^^^^^^^^^^^^^^^^^^^^^^^^^
tests/unit/utils/test_visualization_utils.py:16: in &lt;module&gt;
    from bs4 import BeautifulSoup
E   ModuleNotFoundError: No module named &apos;bs4&apos;</error></testcase></testsuite>
  <testsuite name="pytest" tests="1" failures="0" errors="1" skipped="0" time="0.109" timestamp="2026-04-08T17:57:04.443629+00:00" hostname="modal"><testcase name="tests.unit.utils.test_visualization_utils" classname="" time="0.000"><error message="collection failure">ImportError while importing test module &apos;/app/tests/unit/utils/test_visualization_utils.py&apos;.
Hint: make sure your test modules/packages have valid Python names.
Traceback:
/usr/local/lib/python3.13/importlib/__init__.py:88: in import_module
    return _bootstrap._gcd_import(name[level:], package, level)
           ^^^^^^^^^^^^^^^^^^^^^^^^^^^^^^^^^^^^^^^^^^^^^^^^^^^^
tests/unit/utils/test_visualization_utils.py:16: in &lt;module&gt;
    from bs4 import BeautifulSoup
E   ModuleNotFoundError: No module named &apos;bs4&apos;</error></testcase></testsuite>
  <testsuite name="pytest" tests="1" failures="0" errors="1" skipped="0" time="0.142" timestamp="2026-04-08T17:57:04.673784+00:00" hostname="modal"><testcase name="tests.unit.utils.test_visualization_utils" classname="" time="0.000"><error message="collection failure">ImportError while importing test module &apos;/app/tests/unit/utils/test_visualization_utils.py&apos;.
Hint: make sure your test modules/packages have valid Python names.
Traceback:
/usr/local/lib/python3.13/importlib/__init__.py:88: in import_module
    return _bootstrap._gcd_import(name[level:], package, level)
           ^^^^^^^^^^^^^^^^^^^^^^^^^^^^^^^^^^^^^^^^^^^^^^^^^^^^
tests/unit/utils/test_visualization_utils.py:16: in &lt;module&gt;
    from bs4 import BeautifulSoup
E   ModuleNotFoundError: No module named &apos;bs4&apos;</error></testcase></testsuite>
  <testsuite name="pytest" tests="1" failures="0" errors="1" skipped="0" time="0.113" timestamp="2026-04-08T17:57:08.872355+00:00" hostname="modal"><testcase name="tests.unit.utils.test_visualization_utils" classname="" time="0.000"><error message="collection failure">ImportError while importing test module &apos;/app/tests/unit/utils/test_visualization_utils.py&apos;.
Hint: make sure your test modules/packages have valid Python names.
Traceback:
/usr/local/lib/python3.13/importlib/__init__.py:88: in import_module
    return _bootstrap._gcd_import(name[level:], package, level)
           ^^^^^^^^^^^^^^^^^^^^^^^^^^^^^^^^^^^^^^^^^^^^^^^^^^^^
tests/unit/utils/test_visualization_utils.py:16: in &lt;module&gt;
    from bs4 import BeautifulSoup
E   ModuleNotFoundError: No module named &apos;bs4&apos;</error></testcase></testsuite>
  <testsuite name="pytest" tests="1" failures="0" errors="1" skipped="0" time="0.102" timestamp="2026-04-08T17:57:09.234068+00:00" hostname="modal"><testcase name="tests.unit.utils.test_visualization_utils" classname="" time="0.000"><error message="collection failure">ImportError while importing test module &apos;/app/tests/unit/utils/test_visualization_utils.py&apos;.
Hint: make sure your test modules/packages have valid Python names.
Traceback:
/usr/local/lib/python3.13/importlib/__init__.py:88: in import_module
    return _bootstrap._gcd_import(name[level:], package, level)
           ^^^^^^^^^^^^^^^^^^^^^^^^^^^^^^^^^^^^^^^^^^^^^^^^^^^^
tests/unit/utils/test_visualization_utils.py:16: in &lt;module&gt;
    from bs4 import BeautifulSoup
E   ModuleNotFoundError: No module named &apos;bs4&apos;</error></testcase></testsuite>
  <testsuite name="pytest" tests="1" failures="0" errors="1" skipped="0" time="0.142" timestamp="2026-04-08T17:57:09.975346+00:00" hostname="modal"><testcase name="tests.unit.utils.test_visualization_utils" classname="" time="0.000"><error message="collection failure">ImportError while importing test module &apos;/app/tests/unit/utils/test_visualization_utils.py&apos;.
Hint: make sure your test modules/packages have valid Python names.
Traceback:
/usr/local/lib/python3.13/importlib/__init__.py:88: in import_module
    return _bootstrap._gcd_import(name[level:], package, level)
           ^^^^^^^^^^^^^^^^^^^^^^^^^^^^^^^^^^^^^^^^^^^^^^^^^^^^
tests/unit/utils/test_visualization_utils.py:16: in &lt;module&gt;
    from bs4 import BeautifulSoup
E   ModuleNotFoundError: No module named &apos;bs4&apos;</error></testcase></testsuite>
  <testsuite name="pytest" tests="1" failures="0" errors="1" skipped="0" time="0.102" timestamp="2026-04-08T17:57:10.979680+00:00" hostname="modal"><testcase name="tests.unit.utils.test_visualization_utils" classname="" time="0.000"><error message="collection failure">ImportError while importing test module &apos;/app/tests/unit/utils/test_visualization_utils.py&apos;.
Hint: make sure your test modules/packages have valid Python names.
Traceback:
/usr/local/lib/python3.13/importlib/__init__.py:88: in import_module
    return _bootstrap._gcd_import(name[level:], package, level)
           ^^^^^^^^^^^^^^^^^^^^^^^^^^^^^^^^^^^^^^^^^^^^^^^^^^^^
tests/unit/utils/test_visualization_utils.py:16: in &lt;module&gt;
    from bs4 import BeautifulSoup
E   ModuleNotFoundError: No module named &apos;bs4&apos;</error></testcase></testsuite>
  <testsuite name="pytest" tests="1" failures="0" errors="1" skipped="0" time="0.161" timestamp="2026-04-08T17:57:13.980547+00:00" hostname="modal"><testcase name="tests.unit.utils.test_visualization_utils" classname="" time="0.000"><error message="collection failure">ImportError while importing test module &apos;/app/tests/unit/utils/test_visualization_utils.py&apos;.
Hint: make sure your test modules/packages have valid Python names.
Traceback:
/usr/local/lib/python3.13/importlib/__init__.py:88: in import_module
    return _bootstrap._gcd_import(name[level:], package, level)
           ^^^^^^^^^^^^^^^^^^^^^^^^^^^^^^^^^^^^^^^^^^^^^^^^^^^^
tests/unit/utils/test_visualization_utils.py:16: in &lt;module&gt;
    from bs4 import BeautifulSoup
E   ModuleNotFoundError: No module named &apos;bs4&apos;</error></testcase></testsuite>
  <testsuite name="pytest" tests="1" failures="0" errors="1" skipped="0" time="0.104" timestamp="2026-04-08T17:57:15.622515+00:00" hostname="modal"><testcase name="tests.unit.utils.test_visualization_utils" classname="" time="0.000"><error message="collection failure">ImportError while importing test module &apos;/app/tests/unit/utils/test_visualization_utils.py&apos;.
Hint: make sure your test modules/packages have valid Python names.
Traceback:
/usr/local/lib/python3.13/importlib/__init__.py:88: in import_module
    return _bootstrap._gcd_import(name[level:], package, level)
           ^^^^^^^^^^^^^^^^^^^^^^^^^^^^^^^^^^^^^^^^^^^^^^^^^^^^
tests/unit/utils/test_visualization_utils.py:16: in &lt;module&gt;
    from bs4 import BeautifulSoup
E   ModuleNotFoundError: No module named &apos;bs4&apos;</error></testcase></testsuite>
  <testsuite name="pytest" tests="1" failures="0" errors="1" skipped="0" time="0.106" timestamp="2026-04-08T17:57:15.784070+00:00" hostname="modal"><testcase name="tests.unit.utils.test_visualization_utils" classname="" time="0.000"><error message="collection failure">ImportError while importing test module &apos;/app/tests/unit/utils/test_visualization_utils.py&apos;.
Hint: make sure your test modules/packages have valid Python names.
Traceback:
/usr/local/lib/python3.13/importlib/__init__.py:88: in import_module
    return _bootstrap._gcd_import(name[level:], package, level)
           ^^^^^^^^^^^^^^^^^^^^^^^^^^^^^^^^^^^^^^^^^^^^^^^^^^^^
tests/unit/utils/test_visualization_utils.py:16: in &lt;module&gt;
    from bs4 import BeautifulSoup
E   ModuleNotFoundError: No module named &apos;bs4&apos;</error></testcase></testsuite>
  <testsuite name="pytest" tests="1" failures="0" errors="1" skipped="0" time="0.203" timestamp="2026-04-08T17:57:17.146136+00:00" hostname="modal"><testcase name="tests.unit.io.test_fileio" classname="" time="0.000"><error message="collection failure">ImportError while importing test module &apos;/app/tests/unit/io/test_fileio.py&apos;.
Hint: make sure your test modules/packages have valid Python names.
Traceback:
/usr/local/lib/python3.13/importlib/__init__.py:88: in import_module
    return _bootstrap._gcd_import(name[level:], package, level)
           ^^^^^^^^^^^^^^^^^^^^^^^^^^^^^^^^^^^^^^^^^^^^^^^^^^^^
tests/unit/io/test_fileio.py:23: in &lt;module&gt;
    from hypothesis import HealthCheck, given, settings
E   ModuleNotFoundError: No module named &apos;hypothesis&apos;</error></testcase></testsuite>
  <testsuite name="pytest" tests="1" failures="0" errors="1" skipped="0" time="0.252" timestamp="2026-04-08T17:57:19.148874+00:00" hostname="modal"><testcase name="tests.unit.utils.test_visualization_utils" classname="" time="0.000"><error message="collection failure">ImportError while importing test module &apos;/app/tests/unit/utils/test_visualization_utils.py&apos;.
Hint: make sure your test modules/packages have valid Python names.
Traceback:
/usr/local/lib/python3.13/importlib/__init__.py:88: in import_module
    return _bootstrap._gcd_import(name[level:], package, level)
           ^^^^^^^^^^^^^^^^^^^^^^^^^^^^^^^^^^^^^^^^^^^^^^^^^^^^
tests/unit/utils/test_visualization_utils.py:16: in &lt;module&gt;
    from bs4 import BeautifulSoup
E   ModuleNotFoundError: No module named &apos;bs4&apos;</error></testcase></testsuite>
  <testsuite name="pytest" tests="1" failures="0" errors="1" skipped="0" time="0.217" timestamp="2026-04-08T17:57:21.983956+00:00" hostname="modal"><testcase name="tests.unit.io.test_fileio" classname="" time="0.000"><error message="collection failure">ImportError while importing test module &apos;/app/tests/unit/io/test_fileio.py&apos;.
Hint: make sure your test modules/packages have valid Python names.
Traceback:
/usr/local/lib/python3.13/importlib/__init__.py:88: in import_module
    return _bootstrap._gcd_import(name[level:], package, level)
           ^^^^^^^^^^^^^^^^^^^^^^^^^^^^^^^^^^^^^^^^^^^^^^^^^^^^
tests/unit/io/test_fileio.py:23: in &lt;module&gt;
    from hypothesis import HealthCheck, given, settings
E   ModuleNotFoundError: No module named &apos;hypothesis&apos;</error></testcase></testsuite>
  <testsuite name="pytest" tests="1" failures="0" errors="1" skipped="0" time="0.215" timestamp="2026-04-08T17:57:22.674995+00:00" hostname="modal"><testcase name="tests.unit.io.test_fileio" classname="" time="0.000"><error message="collection failure">ImportError while importing test module &apos;/app/tests/unit/io/test_fileio.py&apos;.
Hint: make sure your test modules/packages have valid Python names.
Traceback:
/usr/local/lib/python3.13/importlib/__init__.py:88: in import_module
    return _bootstrap._gcd_import(name[level:], package, level)
           ^^^^^^^^^^^^^^^^^^^^^^^^^^^^^^^^^^^^^^^^^^^^^^^^^^^^
tests/unit/io/test_fileio.py:23: in &lt;module&gt;
    from hypothesis import HealthCheck, given, settings
E   ModuleNotFoundError: No module named &apos;hypothesis&apos;</error></testcase></testsuite>
  <testsuite name="pytest" tests="1" failures="0" errors="1" skipped="0" time="0.221" timestamp="2026-04-08T17:57:22.968760+00:00" hostname="modal"><testcase name="tests.unit.io.test_fileio" classname="" time="0.000"><error message="collection failure">ImportError while importing test module &apos;/app/tests/unit/io/test_fileio.py&apos;.
Hint: make sure your test modules/packages have valid Python names.
Traceback:
/usr/local/lib/python3.13/importlib/__init__.py:88: in import_module
    return _bootstrap._gcd_import(name[level:], package, level)
           ^^^^^^^^^^^^^^^^^^^^^^^^^^^^^^^^^^^^^^^^^^^^^^^^^^^^
tests/unit/io/test_fileio.py:23: in &lt;module&gt;
    from hypothesis import HealthCheck, given, settings
E   ModuleNotFoundError: No module named &apos;hypothesis&apos;</error></testcase></testsuite>
  <testsuite name="pytest" tests="10" failures="0" errors="0" skipped="0" time="1.632" timestamp="2026-04-08T17:57:23.420968+00:00" hostname="modal"><testcase name="test_stack_validation_succeeds_if_no_component_validator_fails" classname="tests.unit.stack.test_stack" time="0.161"/><testcase name="test_get_pipeline_run_metadata" classname="tests.unit.stack.test_stack" time="0.002"/><testcase name="test_requires_remote_server" classname="tests.unit.stack.test_stack" time="0.003"/><testcase name="test_get_step_run_metadata" classname="tests.unit.stack.test_stack" time="0.002"/><testcase name="test_stack_validation_fails_if_a_components_validator_fails" classname="tests.unit.stack.test_stack" time="0.002"/><testcase name="test_get_pipeline_run_metadata_never_raises_errors" classname="tests.unit.stack.test_stack" time="0.002"/><testcase name="test_submission_server_validation" classname="tests.unit.stack.test_stack" time="1.333"/><testcase name="test_stack_requirements" classname="tests.unit.stack.test_stack" time="0.003"/><testcase name="test_initializing_a_stack_with_wrong_components" classname="tests.unit.stack.test_stack" time="0.063"/><testcase name="test_stack_returns_all_its_components" classname="tests.unit.stack.test_stack" time="0.002"/></testsuite>
  <testsuite name="pytest" tests="10" failures="1" errors="0" skipped="0" time="0.662" timestamp="2026-04-08T17:57:27.895180+00:00" hostname="modal"><testcase name="test_reconstruct_exception_recreates_exception_type_and_message" classname="tests.unit.utils.test_exception_utils" time="0.051"/><testcase name="test_collect_exception_information_includes_source_and_message" classname="tests.unit.utils.test_exception_utils" time="0.001"/><testcase name="test_reconstruct_exception_falls_back_on_invalid_source" classname="tests.unit.utils.test_exception_utils" time="0.003"/><testcase name="test_regex_pattern_no_syntax_warning" classname="tests.unit.utils.test_exception_utils" time="0.001"><failure message="TypeError: exceptions must be derived from Warning, not &lt;class &apos;NoneType&apos;&gt;">tests/unit/utils/test_exception_utils.py:42: in test_regex_pattern_no_syntax_warning
    with pytest.warns(None) as warning_list:
         ^^^^^^^^^^^^^^^^^^
/usr/local/lib/python3.13/site-packages/_pytest/recwarn.py:282: in __init__
    raise TypeError(msg % type(expected_warning))
E   TypeError: exceptions must be derived from Warning, not &lt;class &apos;NoneType&apos;&gt;</failure></testcase><testcase name="test_regex_pattern_matches_correctly" classname="tests.unit.utils.test_exception_utils" time="0.001"/><testcase name="test_regex_pattern_matches_windows_paths_and_special_chars" classname="tests.unit.utils.test_exception_utils" time="0.002"/><testcase name="test_sdk_docs_url" classname="tests.unit.test_flavor" time="0.002"/><testcase name="test_docs_url" classname="tests.unit.test_flavor" time="0.062"/><testcase name="test_integration_sdk_docs_url" classname="tests.unit.test_flavor" time="0.341"/><testcase name="test_materializer_with_parameter_with_more_than_one_baseclass" classname="tests.unit.materializers.test_materializer_registry" time="0.004"/></testsuite>
  <testsuite name="pytest" tests="10" failures="0" errors="0" skipped="0" time="0.468" timestamp="2026-04-08T17:57:28.571804+00:00" hostname="modal"><testcase name="test_materializer_with_parameter_with_more_than_one_conflicting_baseclass" classname="tests.unit.materializers.test_materializer_registry" time="0.048"/><testcase name="test_materializer_with_conflicting_parameter_and_explicit_materializer" classname="tests.unit.materializers.test_materializer_registry" time="0.004"/><testcase name="test_materializer_with_subclassing_parameter" classname="tests.unit.materializers.test_materializer_registry" time="0.002"/><testcase name="test_enum_utils" classname="tests.unit.utils.test_enum_utils" time="0.001"/><testcase name="test_http_exception_reconstruction[EntityExistsError3]" classname="tests.unit.zen_server.test_exceptions" time="0.266"/><testcase name="test_http_exception_reconstruction[KeyError]" classname="tests.unit.zen_server.test_exceptions" time="0.001"/><testcase name="test_http_exception_reconstruction[ValidationError1]" classname="tests.unit.zen_server.test_exceptions" time="0.001"/><testcase name="test_http_exception_reconstruction[ZenKeyError]" classname="tests.unit.zen_server.test_exceptions" time="0.001"/><testcase name="test_http_exception_reconstruction[ValidationError0]" classname="tests.unit.zen_server.test_exceptions" time="0.001"/><testcase name="test_http_exception_inheritance[ValidationError]" classname="tests.unit.zen_server.test_exceptions" time="0.001"/></testsuite>
  <testsuite name="pytest" tests="10" failures="0" errors="0" skipped="0" time="0.507" timestamp="2026-04-08T17:57:29.848489+00:00" hostname="modal"><testcase name="test_unpack_unknown_error[401-AuthorizationException]" classname="tests.unit.zen_server.test_exceptions" time="0.044"/><testcase name="test_http_exception_reconstruction[EntityExistsError1]" classname="tests.unit.zen_server.test_exceptions" time="0.348"/><testcase name="test_http_exception_inheritance[EntityExistsError1]" classname="tests.unit.zen_server.test_exceptions" time="0.001"/><testcase name="test_http_exception_reconstruction[DoesNotExistException]" classname="tests.unit.zen_server.test_exceptions" time="0.001"/><testcase name="test_http_exception_inheritance[IllegalOperationError]" classname="tests.unit.zen_server.test_exceptions" time="0.001"/><testcase name="test_unpack_unknown_error[403-IllegalOperationError]" classname="tests.unit.zen_server.test_exceptions" time="0.002"/><testcase name="test_unpack_unknown_error[501-NotImplementedError]" classname="tests.unit.zen_server.test_exceptions" time="0.002"/><testcase name="test_unpack_unknown_error[500-RuntimeError]" classname="tests.unit.zen_server.test_exceptions" time="0.002"/><testcase name="test_unpack_unknown_error[400-ValueError]" classname="tests.unit.zen_server.test_exceptions" time="0.002"/><testcase name="test_http_exception_inheritance[ValueError]" classname="tests.unit.zen_server.test_exceptions" time="0.001"/></testsuite>
  <testsuite name="pytest" tests="10" failures="0" errors="0" skipped="0" time="0.423" timestamp="2026-04-08T17:57:31.819314+00:00" hostname="modal"><testcase name="test_http_exception_reconstruction[EntityExistsError0]" classname="tests.unit.zen_server.test_exceptions" time="0.358"/><testcase name="test_http_exception_reconstruction[ValueError]" classname="tests.unit.zen_server.test_exceptions" time="0.002"/><testcase name="test_http_exception_reconstruction[EntityExistsError2]" classname="tests.unit.zen_server.test_exceptions" time="0.001"/><testcase name="test_http_exception_inheritance[EntityExistsError0]" classname="tests.unit.zen_server.test_exceptions" time="0.001"/><testcase name="test_http_exception_reconstruction[NotImplementedError]" classname="tests.unit.zen_server.test_exceptions" time="0.001"/><testcase name="test_http_exception_inheritance[RuntimeError]" classname="tests.unit.zen_server.test_exceptions" time="0.001"/><testcase name="test_unpack_unknown_error[409-EntityExistsError]" classname="tests.unit.zen_server.test_exceptions" time="0.002"/><testcase name="test_unpack_unknown_error[422-ValueError]" classname="tests.unit.zen_server.test_exceptions" time="0.002"/><testcase name="test_http_exception_reconstruction[RuntimeError]" classname="tests.unit.zen_server.test_exceptions" time="0.001"/><testcase name="test_http_exception_reconstruction[AuthorizationException]" classname="tests.unit.zen_server.test_exceptions" time="0.001"/></testsuite>
  <testsuite name="pytest" tests="10" failures="0" errors="0" skipped="0" time="1.026" timestamp="2026-04-08T17:57:31.741985+00:00" hostname="modal"><testcase name="test_http_exception_inheritance[NotImplementedError]" classname="tests.unit.zen_server.test_exceptions" time="0.867"/><testcase name="test_http_exception_inheritance[EntityExistsError3]" classname="tests.unit.zen_server.test_exceptions" time="0.002"/><testcase name="test_http_exception_inheritance[ZenKeyError]" classname="tests.unit.zen_server.test_exceptions" time="0.002"/><testcase name="test_unpack_unknown_error[404-KeyError]" classname="tests.unit.zen_server.test_exceptions" time="0.002"/><testcase name="test_http_exception_inheritance[AuthorizationException]" classname="tests.unit.zen_server.test_exceptions" time="0.001"/><testcase name="test_http_exception_inheritance[KeyError]" classname="tests.unit.zen_server.test_exceptions" time="0.001"/><testcase name="test_http_exception_inheritance[DoesNotExistException]" classname="tests.unit.zen_server.test_exceptions" time="0.001"/><testcase name="test_http_exception_reconstruction[IllegalOperationError]" classname="tests.unit.zen_server.test_exceptions" time="0.002"/><testcase name="test_reconstruct_unknown_exception_as_runtime_error" classname="tests.unit.zen_server.test_exceptions" time="0.002"/><testcase name="test_http_exception_inheritance[EntityExistsError2]" classname="tests.unit.zen_server.test_exceptions" time="0.002"/></testsuite>
  <testsuite name="pytest" tests="1" failures="0" errors="1" skipped="0" time="0.200" timestamp="2026-04-08T17:57:35.833793+00:00" hostname="modal"><testcase name="tests.unit.utils.test_metadata_utils" classname="" time="0.000"><error message="collection failure">ImportError while importing test module &apos;/app/tests/unit/utils/test_metadata_utils.py&apos;.
Hint: make sure your test modules/packages have valid Python names.
Traceback:
/usr/local/lib/python3.13/importlib/__init__.py:88: in import_module
    return _bootstrap._gcd_import(name[level:], package, level)
           ^^^^^^^^^^^^^^^^^^^^^^^^^^^^^^^^^^^^^^^^^^^^^^^^^^^^
tests/unit/utils/test_metadata_utils.py:4: in &lt;module&gt;
    from mock import MagicMock
E   ModuleNotFoundError: No module named &apos;mock&apos;</error></testcase></testsuite>
  <testsuite name="pytest" tests="10" failures="0" errors="0" skipped="0" time="1.705" timestamp="2026-04-08T17:57:38.417070+00:00" hostname="modal"><testcase name="test_none_values" classname="tests.unit.materializers.test_built_in_materializer" time="1.566"/><testcase name="test_simple_dict_list_tuple_materialization" classname="tests.unit.materializers.test_built_in_materializer" time="0.004"/><testcase name="test_build_compile_requirements_command_targets_requested_platform" classname="tests.unit.scripts.test_install_dev_requirements" time="0.002"/><testcase name="test_collect_integration_requirements_dedupes_and_skips_ignored" classname="tests.unit.scripts.test_install_dev_requirements" time="0.001"/><testcase name="test_build_compile_requirements_command_uses_platform_override" classname="tests.unit.scripts.test_install_dev_requirements" time="0.001"/><testcase name="test_write_compiled_requirements_invokes_uv_compile" classname="tests.unit.scripts.test_install_dev_requirements" time="0.002"/><testcase name="test_write_integration_input_requirements_persists_output" classname="tests.unit.scripts.test_install_dev_requirements" time="0.001"/><testcase name="test_build_editable_project_spec_matches_install_format" classname="tests.unit.scripts.test_install_dev_requirements" time="0.000"/><testcase name="test_ignored_integrations_for_dev_install_adds_python_and_os_rules" classname="tests.unit.scripts.test_install_dev_requirements" time="0.001"/><testcase name="test_is_valid_uuid_works" classname="tests.unit.utils.test_uuid_utils" time="0.001"/></testsuite>
  <testsuite name="pytest" tests="10" failures="1" errors="0" skipped="0" time="1.107" timestamp="2026-04-08T17:57:42.323929+00:00" hostname="modal"><testcase name="test_setting_a_custom_source_root" classname="tests.unit.utils.test_source_utils" time="0.043"/><testcase name="test_package_utility_functions" classname="tests.unit.utils.test_source_utils" time="0.547"/><testcase name="test_user_source_loading_prepends_source_root" classname="tests.unit.utils.test_source_utils" time="0.007"><failure message="ImportError: It seems like you&apos;ve installed the `zenml` package without the `local` extra, but are trying to use ZenML with a local database.
* If you want to use ZenML in a local setup, please install `zenml[local]` instead, e.g. using `pip install &apos;zenml[local]&apos;`
* If you want to connect to a server, run `zenml login`">tests/unit/utils/test_source_utils.py:126: in test_user_source_loading_prepends_source_root
    assert source_utils.load(correct_code_repo_source) == 1
           ^^^^^^^^^^^^^^^^^^^^^^^^^^^^^^^^^^^^^^^^^^^
/usr/local/lib/python3.13/site-packages/zenml/utils/source_utils.py:102: in load
    _warn_about_potential_source_loading_issues(source=source)
/usr/local/lib/python3.13/site-packages/zenml/utils/source_utils.py:484: in _warn_about_potential_source_loading_issues
    local_repo = code_repository_utils.find_active_code_repository()
                 ^^^^^^^^^^^^^^^^^^^^^^^^^^^^^^^^^^^^^^^^^^^^^^^^^^^
/usr/local/lib/python3.13/site-packages/zenml/utils/code_repository_utils.py:109: in find_active_code_repository
    code_repositories = depaginate(list_method=Client().list_code_repositories)
                        ^^^^^^^^^^^^^^^^^^^^^^^^^^^^^^^^^^^^^^^^^^^^^^^^^^^^^^^
/usr/local/lib/python3.13/site-packages/zenml/utils/pagination_utils.py:35: in depaginate
    page = list_method(**kwargs)
           ^^^^^^^^^^^^^^^^^^^^^
/usr/local/lib/python3.13/site-packages/zenml/client_lazy_loader.py:213: in _inner
    return func(*args_, **kwargs)
           ^^^^^^^^^^^^^^^^^^^^^^
/usr/local/lib/python3.13/site-packages/zenml/client.py:5881: in list_code_repositories
    project=project or self.active_project.id,
                       ^^^^^^^^^^^^^^^^^^^
/usr/local/lib/python3.13/site-packages/zenml/client.py:1168: in active_project
    ) or GlobalConfiguration().get_active_project()
         ^^^^^^^^^^^^^^^^^^^^^^^^^^^^^^^^^^^^^^^^^^
/usr/local/lib/python3.13/site-packages/zenml/config/global_config.py:789: in get_active_project
    _ = self.zen_store
        ^^^^^^^^^^^^^^
/usr/local/lib/python3.13/site-packages/zenml/config/global_config.py:230: in __custom_getattribute__
    value = super().__getattribute__(key)
            ^^^^^^^^^^^^^^^^^^^^^^^^^^^^^
/usr/local/lib/python3.13/site-packages/zenml/config/global_config.py:750: in zen_store
    self._configure_store(self.store_configuration)
/usr/local/lib/python3.13/site-packages/zenml/config/global_config.py:369: in _configure_store
    store = BaseZenStore.create_store(config, True, **kwargs)
            ^^^^^^^^^^^^^^^^^^^^^^^^^^^^^^^^^^^^^^^^^^^^^^^^^
/usr/local/lib/python3.13/site-packages/zenml/zen_stores/base_zen_store.py:238: in create_store
    store_class = BaseZenStore.get_store_class(config.type)
                  ^^^^^^^^^^^^^^^^^^^^^^^^^^^^^^^^^^^^^^^^^
/usr/local/lib/python3.13/site-packages/zenml/zen_stores/base_zen_store.py:165: in get_store_class
    from zenml.zen_stores.sql_zen_store import SqlZenStore
/usr/local/lib/python3.13/site-packages/zenml/zen_stores/sql_zen_store.py:19: in &lt;module&gt;
    raise ImportError(
E   ImportError: It seems like you&apos;ve installed the `zenml` package without the `local` extra, but are trying to use ZenML with a local database.
E   * If you want to use ZenML in a local setup, please install `zenml[local]` instead, e.g. using `pip install &apos;zenml[local]&apos;`
E   * If you want to connect to a server, run `zenml login`</failure></testcase><testcase name="test_module_type_detection" classname="tests.unit.utils.test_source_utils" time="0.002"/><testcase name="test_source_resolving_fails_for_non_toplevel_classes_and_functions" classname="tests.unit.utils.test_source_utils" time="0.001"/><testcase name="test_basic_source_loading" classname="tests.unit.utils.test_source_utils" time="0.004"/><testcase name="test_topsorted_layers_ignore_unknown_parent_node" classname="tests.unit.orchestrators.test_topsort" time="0.001"/><testcase name="test_topsorted_layers_error_if_cycle" classname="tests.unit.orchestrators.test_topsort" time="0.001"/><testcase name="test_topsorted_layers_ignore_unknown_child_node" classname="tests.unit.orchestrators.test_topsort" time="0.001"/><testcase name="test_topsorted_layers_ignore_duplicate_child_node" classname="tests.unit.orchestrators.test_topsort" time="0.001"/></testsuite>
  <testsuite name="pytest" tests="10" failures="0" errors="0" skipped="0" time="7.283" timestamp="2026-04-08T17:57:37.349351+00:00" hostname="modal"><testcase name="test_activate_integrations_logs_continuation_message" classname="tests.unit.integrations.test_registry" time="0.044"/><testcase name="test_dict_of_bytes_materialization" classname="tests.unit.materializers.test_built_in_materializer" time="1.633"/><testcase name="test_container_materializer_for_custom_types" classname="tests.unit.materializers.test_built_in_materializer" time="5.424"/><testcase name="test_basic_type_materialization" classname="tests.unit.materializers.test_built_in_materializer" time="0.004"/><testcase name="test_empty_dict_list_tuple_materialization" classname="tests.unit.materializers.test_built_in_materializer" time="0.004"/><testcase name="test_tuple_of_bytes_materialization" classname="tests.unit.materializers.test_built_in_materializer" time="0.010"/><testcase name="test_mixture_of_all_builtin_types" classname="tests.unit.materializers.test_built_in_materializer" time="0.023"/><testcase name="test_set_materialization" classname="tests.unit.materializers.test_built_in_materializer" time="0.013"/><testcase name="test_list_of_bytes_materialization" classname="tests.unit.materializers.test_built_in_materializer" time="0.010"/><testcase name="test_bytes_materialization" classname="tests.unit.materializers.test_built_in_materializer" time="0.002"/></testsuite>
  <testsuite name="pytest" tests="10" failures="0" errors="0" skipped="0" time="1.713" timestamp="2026-04-08T17:57:47.085283+00:00" hostname="modal"><testcase name="test_topsorted_layers_ignore_duplicate_parent_node" classname="tests.unit.orchestrators.test_topsort" time="0.046"/><testcase name="test_topsorted_layers_empty" classname="tests.unit.orchestrators.test_topsort" time="0.001"/><testcase name="test_topsorted_layers_DAG" classname="tests.unit.orchestrators.test_topsort" time="0.001"/><testcase name="test_custom_attributes" classname="tests.unit.model_registries.test_base_model_registry.TestModelRegistryModelMetadata" time="0.001"/><testcase name="test_exclude_unset_none" classname="tests.unit.model_registries.test_base_model_registry.TestModelRegistryModelMetadata" time="0.000"/><testcase name="test_dict" classname="tests.unit.model_registries.test_base_model_registry.TestModelRegistryModelMetadata" time="0.001"/><testcase name="test_service_response_properties" classname="tests.unit.models.test_service_models" time="0.009"/><testcase name="test_service_request_name_too_long" classname="tests.unit.models.test_service_models" time="0.001"/><testcase name="test_service_request_invalid_service_type" classname="tests.unit.models.test_service_models" time="0.001"/><testcase name="test_input_resolution_fetches_all_run_steps" classname="tests.unit.orchestrators.test_input_utils" time="1.582"/></testsuite>
  <testsuite name="pytest" tests="10" failures="0" errors="0" skipped="0" time="9.613" timestamp="2026-04-08T17:57:41.614864+00:00" hostname="modal"><testcase name="test_parse_name_or_uuid_works" classname="tests.unit.utils.test_uuid_utils" time="0.052"/><testcase name="test_generate_uuid_from_string_works" classname="tests.unit.utils.test_uuid_utils" time="0.001"/><testcase name="test_resource_required[step_operator-settings0-False]" classname="tests.unit.orchestrators.test_base_orchestrator" time="0.002"/><testcase name="test_resource_required[None-settings1-False]" classname="tests.unit.orchestrators.test_base_orchestrator" time="0.001"/><testcase name="test_resource_required[None-settings2-False]" classname="tests.unit.orchestrators.test_base_orchestrator" time="0.001"/><testcase name="test_resource_required[None-settings3-True]" classname="tests.unit.orchestrators.test_base_orchestrator" time="0.001"/><testcase name="test_prepend_python_path" classname="tests.unit.utils.test_source_utils" time="0.028"/><testcase name="test_resolving_and_loading_main_module_sources" classname="tests.unit.utils.test_source_utils" time="5.198"/><testcase name="test_validating_source_classes" classname="tests.unit.utils.test_source_utils" time="0.003"/><testcase name="test_basic_source_resolving" classname="tests.unit.utils.test_source_utils" time="4.141"/></testsuite>
  <testsuite name="pytest" tests="10" failures="0" errors="0" skipped="0" time="16.947" timestamp="2026-04-08T17:57:37.428205+00:00" hostname="modal"><testcase name="test_adding_extra_files" classname="tests.unit.image_builders.test_build_context" time="0.056"/><testcase name="test_adding_extra_directory" classname="tests.unit.image_builders.test_build_context" time="0.003"/><testcase name="test_build_context_includes_and_excludes" classname="tests.unit.image_builders.test_build_context" time="0.006"/><testcase name="test_secret_reference_resolving" classname="tests.unit.config.test_secret_reference_mixin" time="9.940"/><testcase name="test_secret_references_are_not_allowed_for_fields_with_validators" classname="tests.unit.config.test_secret_reference_mixin" time="0.002"/><testcase name="test_secret_references_are_not_allowed_for_clear_text_fields" classname="tests.unit.config.test_secret_reference_mixin" time="0.001"/><testcase name="test_secret_reference_mixin_returns_correct_required_secrets" classname="tests.unit.config.test_secret_reference_mixin" time="0.001"/><testcase name="test_secret_reference_mixin_serialization_does_not_resolve_secrets" classname="tests.unit.config.test_secret_reference_mixin" time="0.001"/><testcase name="test_pipeline_snapshot_base_model_fails_with_long_name" classname="tests.unit.models.test_pipeline_deployment_models" time="0.050"/><testcase name="test_structured_string_materializer_for_csv_strings" classname="tests.unit.materializers.test_structured_string_materializer" time="6.786"/></testsuite>
  <testsuite name="pytest" tests="10" failures="0" errors="0" skipped="0" time="9.635" timestamp="2026-04-08T17:57:49.716727+00:00" hostname="modal"><testcase name="test_input_resolution_with_missing_artifact" classname="tests.unit.orchestrators.test_input_utils" time="1.524"/><testcase name="test_input_resolution" classname="tests.unit.orchestrators.test_input_utils" time="0.006"/><testcase name="test_input_resolution_with_missing_step_run" classname="tests.unit.orchestrators.test_input_utils" time="0.002"/><testcase name="test_in_memory_materializer_uses_runtime" classname="tests.unit.materializers.test_in_memory_materializer" time="0.050"/><testcase name="test_in_memory_materializer_metadata_methods" classname="tests.unit.materializers.test_in_memory_materializer" time="0.001"/><testcase name="test_in_memory_materializer_missing_data" classname="tests.unit.materializers.test_in_memory_materializer" time="0.001"/><testcase name="test_pipeline_run_fails_when_required_step_operator_is_missing" classname="tests.unit.pipelines.test_base_pipeline" time="0.215"/><testcase name="test_pipeline_configuration" classname="tests.unit.pipelines.test_base_pipeline" time="0.002"/><testcase name="test_running_scheduled_pipeline_does_not_create_placeholder_run" classname="tests.unit.pipelines.test_base_pipeline" time="7.289"/><testcase name="test_step_parameter_spec_compilation" classname="tests.unit.pipelines.test_base_pipeline" time="0.374"/></testsuite>
  <testsuite name="pytest" tests="10" failures="0" errors="0" skipped="0" time="0.326" timestamp="2026-04-08T17:58:03.845847+00:00" hostname="modal"><testcase name="test_no_downstream_steps" classname="tests.unit.utils.test_run_utils.TestFindAllDownstreamSteps" time="0.113"/><testcase name="test_step_not_in_dag" classname="tests.unit.utils.test_run_utils.TestFindAllDownstreamSteps" time="0.001"/><testcase name="test_complex_downstream_tree" classname="tests.unit.utils.test_run_utils.TestFindAllDownstreamSteps" time="0.001"/><testcase name="test_iso8601_to_utc_naive_unexpected_inputs_raise_value_error" classname="tests.unit.utils.test_time_utils" time="0.063"/><testcase name="test_iso8601_to_utc_naive_expected_behaviors" classname="tests.unit.utils.test_time_utils" time="0.001"/><testcase name="test_invalid_path[s3://my-bucket/my-folder/my-file.txt]" classname="tests.unit.artifact_stores.test_base_artifact_store.TestBaseArtifactStoreConfig" time="0.063"/><testcase name="test_valid_path[&quot;aria://my-bucket/my-folder/my-file.txt&quot;]" classname="tests.unit.artifact_stores.test_base_artifact_store.TestBaseArtifactStoreConfig" time="0.001"/><testcase name="test_valid_path[aria://my-bucket/my-folder/my-file.txt]" classname="tests.unit.artifact_stores.test_base_artifact_store.TestBaseArtifactStoreConfig" time="0.001"/><testcase name="test_invalid_path[http://my-bucket/my-folder/my-file.txt]" classname="tests.unit.artifact_stores.test_base_artifact_store.TestBaseArtifactStoreConfig" time="0.001"/><testcase name="test_valid_path[&apos;aria://my-bucket/my-folder/my-file.txt&apos;]" classname="tests.unit.artifact_stores.test_base_artifact_store.TestBaseArtifactStoreConfig" time="0.001"/></testsuite>
  <testsuite name="pytest" tests="10" failures="0" errors="0" skipped="0" time="3.467" timestamp="2026-04-08T17:58:00.807562+00:00" hostname="modal"><testcase name="test_spec_compilation" classname="tests.unit.pipelines.test_base_pipeline" time="3.223"/><testcase name="test_single_step_no_upstream" classname="tests.unit.utils.test_run_utils.TestBuildDagWithDownstreamSteps" time="0.026"/><testcase name="test_complex_pipeline" classname="tests.unit.utils.test_run_utils.TestBuildDagWithDownstreamSteps" time="0.001"/><testcase name="test_diamond_pipeline" classname="tests.unit.utils.test_run_utils.TestBuildDagWithDownstreamSteps" time="0.001"/><testcase name="test_linear_pipeline" classname="tests.unit.utils.test_run_utils.TestBuildDagWithDownstreamSteps" time="0.001"/><testcase name="test_linear_downstream_chain" classname="tests.unit.utils.test_run_utils.TestFindAllDownstreamSteps" time="0.001"/><testcase name="test_single_downstream_step" classname="tests.unit.utils.test_run_utils.TestFindAllDownstreamSteps" time="0.001"/><testcase name="test_diamond_pattern_downstream" classname="tests.unit.utils.test_run_utils.TestFindAllDownstreamSteps" time="0.001"/><testcase name="test_multiple_immediate_downstream" classname="tests.unit.utils.test_run_utils.TestFindAllDownstreamSteps" time="0.001"/><testcase name="test_middle_step_downstream" classname="tests.unit.utils.test_run_utils.TestFindAllDownstreamSteps" time="0.001"/></testsuite>
  <testsuite name="pytest" tests="10" failures="0" errors="0" skipped="0" time="0.168" timestamp="2026-04-08T17:58:06.963690+00:00" hostname="modal"><testcase name="test_valid_path[`aria://my-bucket/my-folder/my-file.txt`]" classname="tests.unit.artifact_stores.test_base_artifact_store.TestBaseArtifactStoreConfig" time="0.043"/><testcase name="test_clean_requirements[input_reqs1-expected_output1]" classname="tests.unit.utils.test_package_utils" time="0.001"/><testcase name="test_clean_requirements[input_reqs4-expected_output4]" classname="tests.unit.utils.test_package_utils" time="0.001"/><testcase name="test_clean_requirements[input_reqs5-expected_output5]" classname="tests.unit.utils.test_package_utils" time="0.001"/><testcase name="test_clean_requirements_type_error" classname="tests.unit.utils.test_package_utils" time="0.001"/><testcase name="test_clean_requirements[input_reqs6-expected_output6]" classname="tests.unit.utils.test_package_utils" time="0.001"/><testcase name="test_clean_requirements[input_reqs7-expected_output7]" classname="tests.unit.utils.test_package_utils" time="0.001"/><testcase name="test_get_package_information_works" classname="tests.unit.utils.test_package_utils" time="0.069"/><testcase name="test_clean_requirements[input_reqs0-expected_output0]" classname="tests.unit.utils.test_package_utils" time="0.001"/><testcase name="test_clean_requirements_mixed_types" classname="tests.unit.utils.test_package_utils" time="0.001"/></testsuite>
  <testsuite name="pytest" tests="10" failures="0" errors="0" skipped="0" time="0.301" timestamp="2026-04-08T17:58:13.837479+00:00" hostname="modal"><testcase name="test_config_validations_accept_valid_values" classname="tests.unit.utils.test_warnings" time="0.043"/><testcase name="test_statistics_throttled_only_once" classname="tests.unit.utils.test_warnings" time="0.079"/><testcase name="test_registration_merges_configs" classname="tests.unit.utils.test_warnings" time="0.001"/><testcase name="test_get_display_message_varies_by_verbosity" classname="tests.unit.utils.test_warnings" time="0.001"/><testcase name="test_statistics_increment_for_non_throttled" classname="tests.unit.utils.test_warnings" time="0.013"/><testcase name="test_warn_and_info_do_not_break_with_format_kwargs" classname="tests.unit.utils.test_warnings" time="0.009"/><testcase name="test_combined_registries" classname="tests.unit.utils.test_warnings" time="0.005"/><testcase name="test_unregistered_warning_no_crash_and_no_stats_increment" classname="tests.unit.utils.test_warnings" time="0.009"/><testcase name="test_config_validations_reject_invalid_values" classname="tests.unit.utils.test_warnings" time="0.001"/><testcase name="test_singleton_instance_is_shared" classname="tests.unit.utils.test_warnings" time="0.001"/></testsuite>
  <testsuite name="pytest" tests="10" failures="0" errors="0" skipped="0" time="10.485" timestamp="2026-04-08T17:58:13.030867+00:00" hostname="modal"><testcase name="test_stack_component_validation_prevents_extras" classname="tests.unit.stack.test_utils" time="2.760"/><testcase name="test_dataclass_materializer_rejects_non_json_serializable_types" classname="tests.unit.materializers.test_dataclass_materializer" time="0.005"/><testcase name="test_dataclass_materializer" classname="tests.unit.materializers.test_dataclass_materializer" time="0.398"/><testcase name="test_dataclass_materializer_rejects_non_dataclasses" classname="tests.unit.materializers.test_dataclass_materializer" time="0.001"/><testcase name="test_is_setting_enabled" classname="tests.unit.orchestrators.test_utils" time="0.002"/><testcase name="test_get_orchestrator_run_name" classname="tests.unit.orchestrators.test_utils" time="0.001"/><testcase name="test_register_artifact_store_filesystem" classname="tests.unit.orchestrators.test_utils" time="7.097"/><testcase name="test_get_hashed_source" classname="tests.unit.utils.test_source_code_utils" time="0.023"/><testcase name="test_get_source" classname="tests.unit.utils.test_source_code_utils" time="0.002"/><testcase name="test_schedule_requires_cron_or_interval" classname="tests.unit.pipelines.test_schedule" time="0.040"/></testsuite>
  <testsuite name="pytest" tests="10" failures="0" errors="0" skipped="0" time="39.060" timestamp="2026-04-08T17:57:52.351779+00:00" hostname="modal"><testcase name="test_failure_during_initialization_marks_placeholder_run_as_failed" classname="tests.unit.pipelines.test_base_pipeline" time="7.723"/><testcase name="test_calling_a_pipeline_twice_raises_no_exception" classname="tests.unit.pipelines.test_base_pipeline" time="2.262"/><testcase name="test_pipeline_configuration_with_duplicate_step_configurations" classname="tests.unit.pipelines.test_base_pipeline" time="6.641"/><testcase name="test_run_tagging" classname="tests.unit.pipelines.test_base_pipeline" time="6.690"/><testcase name="test_compiling_a_pipeline_merges_schedule" classname="tests.unit.pipelines.test_base_pipeline" time="0.463"/><testcase name="test_building_a_pipeline_registers_it" classname="tests.unit.pipelines.test_base_pipeline" time="6.212"/><testcase name="test_configure_pipeline_with_invalid_settings_key" classname="tests.unit.pipelines.test_base_pipeline" time="0.001"/><testcase name="test_rerunning_deloyment_does_not_fail" classname="tests.unit.pipelines.test_base_pipeline" time="7.337"/><testcase name="test_unique_identifier_considers_spec" classname="tests.unit.pipelines.test_base_pipeline" time="0.011"/><testcase name="test_compiling_a_pipeline_merges_build" classname="tests.unit.pipelines.test_base_pipeline" time="1.587"/></testsuite>
  <testsuite name="pytest" tests="1" failures="0" errors="1" skipped="0" time="0.375" timestamp="2026-04-08T17:58:33.283085+00:00" hostname="modal"><testcase name="tests.unit.utils.test_secret_utils" classname="" time="0.000"><error message="collection failure">ImportError while importing test module &apos;/app/tests/unit/utils/test_secret_utils.py&apos;.
Hint: make sure your test modules/packages have valid Python names.
Traceback:
/usr/local/lib/python3.13/importlib/__init__.py:88: in import_module
    return _bootstrap._gcd_import(name[level:], package, level)
           ^^^^^^^^^^^^^^^^^^^^^^^^^^^^^^^^^^^^^^^^^^^^^^^^^^^^
tests/unit/utils/test_secret_utils.py:15: in &lt;module&gt;
    from hypothesis import given
E   ModuleNotFoundError: No module named &apos;hypothesis&apos;</error></testcase></testsuite>
  <testsuite name="pytest" tests="10" failures="0" errors="0" skipped="0" time="14.978" timestamp="2026-04-08T17:58:20.585056+00:00" hostname="modal"><testcase name="test_validate_save_type_compatibility" classname="tests.unit.materializers.test_base_materializer" time="0.042"/><testcase name="test_validate_load_type_compatibility" classname="tests.unit.materializers.test_base_materializer" time="0.001"/><testcase name="test_materializer_raises_an_exception_if_associated_artifact_type_wrong" classname="tests.unit.materializers.test_base_materializer" time="0.001"/><testcase name="test_materializer_raises_an_exception_if_associated_types_are_no_classes" classname="tests.unit.materializers.test_base_materializer" time="0.001"/><testcase name="test_upload_build_context" classname="tests.unit.image_builders.test_base_image_builder" time="14.872"/><testcase name="test_singleton_classes_only_create_one_instance" classname="tests.unit.utils.test_singleton" time="0.001"/><testcase name="test_singleton_class_init_gets_called_once" classname="tests.unit.utils.test_singleton" time="0.001"/><testcase name="test_singleton_metaclass_can_be_used_for_multiple_classes" classname="tests.unit.utils.test_singleton" time="0.000"/><testcase name="test_singleton_instance_clearing" classname="tests.unit.utils.test_singleton" time="0.000"/><testcase name="test_singleton_instance_exist" classname="tests.unit.utils.test_singleton" time="0.001"/></testsuite>
  <testsuite name="pytest" tests="10" failures="0" errors="0" skipped="0" time="25.593" timestamp="2026-04-08T17:58:12.714741+00:00" hostname="modal"><testcase name="test_clean_requirements_value_error" classname="tests.unit.utils.test_package_utils" time="0.051"/><testcase name="test_clean_requirements[input_reqs2-expected_output2]" classname="tests.unit.utils.test_package_utils" time="0.001"/><testcase name="test_clean_requirements[input_reqs3-expected_output3]" classname="tests.unit.utils.test_package_utils" time="0.001"/><testcase name="test_pipeline_request_model_fails_with_long_name" classname="tests.unit.models.test_pipeline_models" time="0.002"/><testcase name="test_pipeline_request_model_fails_with_long_docstring" classname="tests.unit.models.test_pipeline_models" time="0.001"/><testcase name="test_pipeline_filter_by_latest_execution" classname="tests.unit.models.test_pipeline_models" time="0.001"/><testcase name="test_local_docker_orchestrator_flavor_attributes" classname="tests.unit.orchestrators.local_docker.test_local_docker_orchestrator" time="0.002"/><testcase name="test_analytics_event" classname="tests.unit.utils.test_analytics_utils" time="12.150"/><testcase name="test_global_config_returns_value_from_environment_variable" classname="tests.unit.config.test_global_config" time="6.768"/><testcase name="test_global_config_file_creation" classname="tests.unit.config.test_global_config" time="6.509"/></testsuite>
[...]
Traceback:
/usr/local/lib/python3.13/importlib/__init__.py:88: in import_module
    return _bootstrap._gcd_import(name[level:], package, level)
           ^^^^^^^^^^^^^^^^^^^^^^^^^^^^^^^^^^^^^^^^^^^^^^^^^^^^
tests/unit/utils/test_io_utils.py:22: in &lt;module&gt;
    from hypothesis import given
E   ModuleNotFoundError: No module named &apos;hypothesis&apos;</error></testcase></testsuite>
  <testsuite name="pytest" tests="1" failures="0" errors="1" skipped="0" time="0.226" timestamp="2026-04-08T17:58:47.868044+00:00" hostname="modal"><testcase name="tests.unit.utils.test_io_utils" classname="" time="0.000"><error message="collection failure">ImportError while importing test module &apos;/app/tests/unit/utils/test_io_utils.py&apos;.
Hint: make sure your test modules/packages have valid Python names.
Traceback:
/usr/local/lib/python3.13/importlib/__init__.py:88: in import_module
    return _bootstrap._gcd_import(name[level:], package, level)
           ^^^^^^^^^^^^^^^^^^^^^^^^^^^^^^^^^^^^^^^^^^^^^^^^^^^^
tests/unit/utils/test_io_utils.py:22: in &lt;module&gt;
    from hypothesis import given
E   ModuleNotFoundError: No module named &apos;hypothesis&apos;</error></testcase></testsuite>
  <testsuite name="pytest" tests="10" failures="0" errors="0" skipped="0" time="2.338" timestamp="2026-04-08T17:58:56.831892+00:00" hostname="modal"><testcase name="test_artifact_request_model_fails_with_long_name" classname="tests.unit.models.test_artifact_models" time="0.062"/><testcase name="test_artifact_request_model_works_with_long_materializer" classname="tests.unit.models.test_artifact_models" time="0.001"/><testcase name="test_heartbeat_worker_with_eager_stopping" classname="tests.unit.steps.test_heartbeat_worker" time="0.233"/><testcase name="test_heartbeat_worker_with_remote_stopping" classname="tests.unit.steps.test_heartbeat_worker" time="0.217"/><testcase name="test_worker_with_disabled_heartbeat" classname="tests.unit.steps.test_heartbeat_worker" time="0.328"/><testcase name="test_heartbeat_healthiness_check" classname="tests.unit.steps.test_heartbeat_worker" time="0.027"/><testcase name="test_passing_none_for_optional_artifact" classname="tests.unit.steps.test_entrypoint_function_utils" time="0.002"/><testcase name="test_default_container_registry_attributes" classname="tests.unit.container_registries.test_default_container_registry" time="0.002"/><testcase name="test_generate_config_schema_embeds_step_parameter_schema" classname="tests.unit.zen_stores.test_template_utils" time="0.105"/><testcase name="test_generate_config_schema_reuses_and_renames_step_defs" classname="tests.unit.zen_stores.test_template_utils" time="0.166"/></testsuite>
  <testsuite name="pytest" tests="10" failures="0" errors="0" skipped="0" time="7.447" timestamp="2026-04-08T17:58:53.652490+00:00" hostname="modal"><testcase name="test_get_files_uses_recurse_submodules" classname="tests.unit.utils.test_code_utils" time="0.047"/><testcase name="test_get_files_falls_back_on_git_error" classname="tests.unit.utils.test_code_utils" time="0.003"/><testcase name="test_get_files_includes_untracked_files" classname="tests.unit.utils.test_code_utils" time="0.003"/><testcase name="test_calling_entrypoint_configuration_with_invalid_snapshot_id" classname="tests.unit.entrypoints.test_base_entrypoint_configuration" time="0.001"/><testcase name="test_loading_the_snapshot" classname="tests.unit.entrypoints.test_base_entrypoint_configuration" time="7.252"/><testcase name="test_service_config_init_without_name_or_model_name" classname="tests.unit.services.test_service" time="0.002"/><testcase name="test_service_config_init_with_name" classname="tests.unit.services.test_service" time="0.001"/><testcase name="test_from_model" classname="tests.unit.services.test_service" time="0.016"/><testcase name="test_update_status" classname="tests.unit.services.test_service" time="0.002"/><testcase name="test_artifact_version_request_model_works_with_long_data_type" classname="tests.unit.models.test_artifact_models" time="0.002"/></testsuite>
  <testsuite name="pytest" tests="10" failures="0" errors="0" skipped="0" time="13.032" timestamp="2026-04-08T17:58:49.056114+00:00" hostname="modal"><testcase name="test_flavor_request_model_fails_with_long_config_schema" classname="tests.unit.models.test_flavor_models" time="0.042"/><testcase name="test_flavor_request_model_fails_with_long_integration" classname="tests.unit.models.test_flavor_models" time="0.001"/><testcase name="test_token_wrong_audience" classname="tests.unit.zen_server.test_jwt" time="0.535"/><testcase name="test_token_wrong_issuer" classname="tests.unit.zen_server.test_jwt" time="0.001"/><testcase name="test_token_wrong_signature" classname="tests.unit.zen_server.test_jwt" time="0.001"/><testcase name="test_token_expiration" classname="tests.unit.zen_server.test_jwt" time="11.002"/><testcase name="test_token_no_issuer" classname="tests.unit.zen_server.test_jwt" time="0.001"/><testcase name="test_token_no_audience" classname="tests.unit.zen_server.test_jwt" time="0.001"/><testcase name="test_encode_decode_works" classname="tests.unit.zen_server.test_jwt" time="0.001"/><testcase name="test_run_run_migrations_skipped" classname="tests.unit.zen_stores.test_sql_store_utils" time="0.003"/></testsuite>
  <testsuite name="pytest" tests="1" failures="0" errors="1" skipped="0" time="0.370" timestamp="2026-04-08T17:59:08.405183+00:00" hostname="modal"><testcase name="tests.unit.steps.test_utils" classname="" time="0.000"><error message="collection failure">ImportError while importing test module &apos;/app/tests/unit/steps/test_utils.py&apos;.
Hint: make sure your test modules/packages have valid Python names.
Traceback:
/usr/local/lib/python3.13/importlib/__init__.py:88: in import_module
    return _bootstrap._gcd_import(name[level:], package, level)
           ^^^^^^^^^^^^^^^^^^^^^^^^^^^^^^^^^^^^^^^^^^^^^^^^^^^^
tests/unit/steps/test_utils.py:17: in &lt;module&gt;
    from numpy import ndarray
E   ModuleNotFoundError: No module named &apos;numpy&apos;</error></testcase></testsuite>
  <testsuite name="pytest" tests="1" failures="0" errors="1" skipped="0" time="0.098" timestamp="2026-04-08T17:59:08.830929+00:00" hostname="modal"><testcase name="tests.unit.steps.test_utils" classname="" time="0.000"><error message="collection failure">ImportError while importing test module &apos;/app/tests/unit/steps/test_utils.py&apos;.
Hint: make sure your test modules/packages have valid Python names.
Traceback:
/usr/local/lib/python3.13/importlib/__init__.py:88: in import_module
    return _bootstrap._gcd_import(name[level:], package, level)
           ^^^^^^^^^^^^^^^^^^^^^^^^^^^^^^^^^^^^^^^^^^^^^^^^^^^^
tests/unit/steps/test_utils.py:17: in &lt;module&gt;
    from numpy import ndarray
E   ModuleNotFoundError: No module named &apos;numpy&apos;</error></testcase></testsuite>
  <testsuite name="pytest" tests="1" failures="0" errors="1" skipped="0" time="0.220" timestamp="2026-04-08T17:59:09.237394+00:00" hostname="modal"><testcase name="tests.unit.steps.test_utils" classname="" time="0.000"><error message="collection failure">ImportError while importing test module &apos;/app/tests/unit/steps/test_utils.py&apos;.
Hint: make sure your test modules/packages have valid Python names.
Traceback:
/usr/local/lib/python3.13/importlib/__init__.py:88: in import_module
    return _bootstrap._gcd_import(name[level:], package, level)
           ^^^^^^^^^^^^^^^^^^^^^^^^^^^^^^^^^^^^^^^^^^^^^^^^^^^^
tests/unit/steps/test_utils.py:17: in &lt;module&gt;
    from numpy import ndarray
E   ModuleNotFoundError: No module named &apos;numpy&apos;</error></testcase></testsuite>
  <testsuite name="pytest" tests="10" failures="0" errors="0" skipped="0" time="24.387" timestamp="2026-04-08T17:58:49.223494+00:00" hostname="modal"><testcase name="test_run_migrations_helper_func" classname="tests.unit.zen_stores.test_sql_store_utils" time="0.551"/><testcase name="test_getting_image_from_snapshot" classname="tests.unit.orchestrators.test_containerized_orchestrator" time="0.013"/><testcase name="test_builds_with_custom_docker_settings_for_all_steps" classname="tests.unit.orchestrators.test_containerized_orchestrator" time="0.002"/><testcase name="test_builds_with_no_docker_settings" classname="tests.unit.orchestrators.test_containerized_orchestrator" time="0.001"/><testcase name="test_builds_with_custom_docker_settings_for_some_steps" classname="tests.unit.orchestrators.test_containerized_orchestrator" time="0.001"/><testcase name="test_load_model_from_metadata" classname="tests.unit.artifacts.test_utils" time="6.188"/><testcase name="test_load_artifact_from_response" classname="tests.unit.artifacts.test_utils" time="5.638"/><testcase name="test__load_artifact" classname="tests.unit.artifacts.test_utils" time="5.468"/><testcase name="test__strip_timestamp_from_multiline_string[-]" classname="tests.unit.artifacts.test_utils" time="0.001"/><testcase name="test_save_model_metadata" classname="tests.unit.artifacts.test_utils" time="5.523"/></testsuite>
  <testsuite name="pytest" tests="10" failures="0" errors="0" skipped="0" time="25.376" timestamp="2026-04-08T17:58:51.311199+00:00" hostname="modal"><testcase name="test_stack_component_config_converts_json_strings" classname="tests.unit.stack.test_stack_component" time="0.055"/><testcase name="test_stack_component_prevents_secret_references_for_some_attributes" classname="tests.unit.stack.test_stack_component" time="10.822"/><testcase name="test_stack_component_secret_reference_resolving" classname="tests.unit.stack.test_stack_component" time="7.412"/><testcase name="test_stack_component_dict_only_contains_public_attributes" classname="tests.unit.stack.test_stack_component" time="0.002"/><testcase name="test_stack_component_serialization_does_not_resolve_secrets" classname="tests.unit.stack.test_stack_component" time="6.929"/><testcase name="test_pydantic_model_attribute_deprecation" classname="tests.unit.utils.test_deprecation_utils" time="0.005"/><testcase name="test_validator_with_required_components" classname="tests.unit.stack.test_stack_validator" time="0.003"/><testcase name="test_validator_with_custom_stack_validation_function" classname="tests.unit.stack.test_stack_validator" time="0.003"/><testcase name="test_flavor_request_model_fails_with_long_source" classname="tests.unit.models.test_flavor_models" time="0.003"/><testcase name="test_flavor_request_model_fails_with_long_name" classname="tests.unit.models.test_flavor_models" time="0.001"/></testsuite>
  <testsuite name="pytest" tests="10" failures="0" errors="0" skipped="0" time="0.434" timestamp="2026-04-08T17:59:17.625608+00:00" hostname="modal"><testcase name="test_step_outputs_inactive_context" classname="tests.unit.deployers.server.test_runtime.TestDeploymentRuntimeContext" time="0.078"/><testcase name="test_step_outputs_recording" classname="tests.unit.deployers.server.test_runtime.TestDeploymentRuntimeContext" time="0.001"/><testcase name="test_context_reset_clears_all_data" classname="tests.unit.deployers.server.test_runtime.TestDeploymentRuntimeContext" time="0.001"/><testcase name="test_context_isolation" classname="tests.unit.deployers.server.test_runtime.TestDeploymentRuntimeContext" time="0.001"/><testcase name="test_step_spec_parameter_spec_equality" classname="tests.unit.config.test_step_configurations" time="0.036"/><testcase name="test_step_spec_upstream_steps_equality" classname="tests.unit.config.test_step_configurations" time="0.001"/><testcase name="test_step_spec_inputs_equality" classname="tests.unit.config.test_step_configurations" time="0.001"/><testcase name="test_step_spec_source_equality" classname="tests.unit.config.test_step_configurations" time="0.001"/><testcase name="test_step_spec_invocation_id_equality" classname="tests.unit.config.test_step_configurations" time="0.001"/><testcase name="test_default_run_name" classname="tests.unit.pipelines.test_run_utils" time="0.002"/></testsuite>
  <testsuite name="pytest" tests="10" failures="0" errors="0" skipped="0" time="1.728" timestamp="2026-04-08T17:59:15.630900+00:00" hostname="modal"><testcase name="test_resolving_stack_component_settings" classname="tests.unit.config.test_settings_resolver" time="0.045"/><testcase name="test_resolving_succeeds_if_the_settings_contain_extra_attributes" classname="tests.unit.config.test_settings_resolver" time="0.002"/><testcase name="test_settings_resolver_fails_when_using_invalid_settings_key" classname="tests.unit.config.test_settings_resolver" time="0.001"/><testcase name="test_resolving_general_settings" classname="tests.unit.config.test_settings_resolver" time="0.001"/><testcase name="test_check_user_is_set" classname="tests.unit.utils.test_pipeline_docker_image_builder" time="0.001"/><testcase name="test_dockerfile_needs_to_exist" classname="tests.unit.utils.test_pipeline_docker_image_builder" time="1.496"/><testcase name="test_build_args_are_added_to_dockerfile" classname="tests.unit.utils.test_pipeline_docker_image_builder" time="0.001"/><testcase name="test_requirements_file_generation" classname="tests.unit.utils.test_pipeline_docker_image_builder" time="0.030"/><testcase name="test_build_skipping" classname="tests.unit.utils.test_pipeline_docker_image_builder" time="0.001"/><testcase name="test_python_package_installer_args" classname="tests.unit.utils.test_pipeline_docker_image_builder" time="0.001"/></testsuite>
  <testsuite name="pytest" tests="10" failures="0" errors="0" skipped="0" time="2.576" timestamp="2026-04-08T17:59:15.752472+00:00" hostname="modal"><testcase name="test_get_step_context" classname="tests.unit.steps.test_step_context" time="2.304"/><testcase name="test_initialize_step_context_with_matching_keys" classname="tests.unit.steps.test_step_context" time="0.017"/><testcase name="test_get_step_context_output_for_step_with_one_output" classname="tests.unit.steps.test_step_context" time="0.017"/><testcase name="test_step_context_returns_instance_of_custom_materializer_class" classname="tests.unit.steps.test_step_context" time="0.026"/><testcase name="test_get_step_context_output_for_non_existing_output_key" classname="tests.unit.steps.test_step_context" time="0.016"/><testcase name="test_get_step_context_output_for_non_existent_output_key" classname="tests.unit.steps.test_step_context" time="0.020"/><testcase name="test_initialize_step_context_with_mismatched_keys" classname="tests.unit.steps.test_step_context" time="0.015"/><testcase name="test_get_step_context_output_for_step_with_multiple_outputs" classname="tests.unit.steps.test_step_context" time="0.017"/><testcase name="test_get_step_context_output_for_step_with_no_outputs" classname="tests.unit.steps.test_step_context" time="0.015"/><testcase name="test_resolving_fails_if_no_stack_component_settings_exist_for_the_given_key" classname="tests.unit.config.test_settings_resolver" time="0.077"/></testsuite>
  <testsuite name="pytest" tests="10" failures="0" errors="0" skipped="0" time="0.114" timestamp="2026-04-08T17:59:21.078486+00:00" hostname="modal"><testcase name="test_filter_model_size_not_int_gte1_fails[catfood]" classname="tests.unit.models.test_filter_models" time="0.043"/><testcase name="test_datetime_filter_model_fails_for_wrong_formats[notadate]" classname="tests.unit.models.test_filter_models" time="0.008"/><testcase name="test_filter_model_sort_by_for_existing_field_succeeds[updated]" classname="tests.unit.models.test_filter_models" time="0.001"/><testcase name="test_filter_model_sort_by_for_existing_field_succeeds[created]" classname="tests.unit.models.test_filter_models" time="0.001"/><testcase name="test_uuid_filter_model" classname="tests.unit.models.test_filter_models" time="0.001"/><testcase name="test_filter_model_page_not_int_gte1_fails[catfood]" classname="tests.unit.models.test_filter_models" time="0.001"/><testcase name="test_filter_model_sort_by_existing_field_with_order_succeeds[correct_sortable_column2]" classname="tests.unit.models.test_filter_models" time="0.001"/><testcase name="test_filter_model_sort_by_existing_field_with_order_succeeds[correct_sortable_column1]" classname="tests.unit.models.test_filter_models" time="0.001"/><testcase name="test_datetime_filter_model" classname="tests.unit.models.test_filter_models" time="0.001"/><testcase name="test_filter_model_sort_by_existing_field_with_order_succeeds[correct_sortable_column0]" classname="tests.unit.models.test_filter_models" time="0.001"/></testsuite>
  <testsuite name="pytest" tests="10" failures="0" errors="0" skipped="0" time="0.187" timestamp="2026-04-08T17:59:25.785066+00:00" hostname="modal"><testcase name="test_filter_model_size_not_int_gte1_fails[0]" classname="tests.unit.models.test_filter_models" time="0.050"/><testcase name="test_filter_model_page_not_int_gte1_fails[-4]" classname="tests.unit.models.test_filter_models" time="0.001"/><testcase name="test_filter_model_sort_by_for_non_filter_fields_fails[zenml]" classname="tests.unit.models.test_filter_models" time="0.001"/><testcase name="test_filter_model_sort_by_for_non_filter_fields_fails[page]" classname="tests.unit.models.test_filter_models" time="0.001"/><testcase name="test_filter_model_page_not_int_gte1_fails[0]" classname="tests.unit.models.test_filter_models" time="0.001"/><testcase name="test_string_filter_model" classname="tests.unit.models.test_filter_models" time="0.002"/><testcase name="test_filter_model_size_not_int_gte1_fails[0.21]" classname="tests.unit.models.test_filter_models" time="0.001"/><testcase name="test_filter_model_sort_by_non_str_input_fails[int]" classname="tests.unit.models.test_filter_models" time="0.001"/><testcase name="test_datetime_filter_in_operator_requires_two_values" classname="tests.unit.models.test_filter_models" time="0.008"/><testcase name="test_uuid_filter_model_succeeds_for_invalid_uuid_on_non_equality" classname="tests.unit.models.test_filter_models" time="0.002"/></testsuite>
  <testsuite name="pytest" tests="2" failures="0" errors="0" skipped="0" time="1.690" timestamp="2026-04-08T17:59:24.329458+00:00" hostname="modal"><testcase name="test_uuid_materializer_metadata" classname="tests.unit.materializers.test_uuid_materializer" time="0.044"/><testcase name="test_uuid_materializer" classname="tests.unit.materializers.test_uuid_materializer" time="1.605"/></testsuite>
  <testsuite name="pytest" tests="10" failures="0" errors="0" skipped="0" time="0.146" timestamp="2026-04-08T17:59:27.055269+00:00" hostname="modal"><testcase name="test_int_filter_model" classname="tests.unit.models.test_filter_models" time="0.055"/><testcase name="test_filter_model_sort_by_non_str_input_fails[1]" classname="tests.unit.models.test_filter_models" time="0.001"/><testcase name="test_filter_model_page_not_int_gte1_fails[0.21]" classname="tests.unit.models.test_filter_models" time="0.001"/><testcase name="test_filter_model_sort_by_existing_field_wrong_order_succeeds[correct_sortable_column2]" classname="tests.unit.models.test_filter_models" time="0.002"/><testcase name="test_filter_model_sort_by_existing_field_wrong_order_succeeds[correct_sortable_column0]" classname="tests.unit.models.test_filter_models" time="0.001"/><testcase name="test_filter_model_sort_by_for_non_filter_fields_fails[catastic_column]" classname="tests.unit.models.test_filter_models" time="0.001"/><testcase name="test_filter_model_sort_by_for_existing_field_succeeds[id]" classname="tests.unit.models.test_filter_models" time="0.001"/><testcase name="test_filter_model_sort_by_existing_field_wrong_order_succeeds[correct_sortable_column1]" classname="tests.unit.models.test_filter_models" time="0.001"/><testcase name="test_filter_model_sort_by_non_str_input_fails[incorrect_sortable_column1]" classname="tests.unit.models.test_filter_models" time="0.001"/><testcase name="test_filter_model_size_not_int_gte1_fails[-4]" classname="tests.unit.models.test_filter_models" time="0.001"/></testsuite>
</testsuites>
